{"/Users/eupirate/Desktop/Cloud/my_site_3_bot_maya_repo/Maya/backend/get-api-info.js": {"path":"/Users/eupirate/Desktop/Cloud/my_site_3_bot_maya_repo/Maya/backend/get-api-info.js","statementMap":{"0":{"start":{"line":12,"column":2},"end":{"line":12,"column":67}},"1":{"start":{"line":14,"column":20},"end":{"line":21,"column":4}},"2":{"start":{"line":23,"column":17},"end":{"line":28,"column":4}},"3":{"start":{"line":30,"column":2},"end":{"line":63,"column":3}},"4":{"start":{"line":31,"column":4},"end":{"line":31,"column":36}},"5":{"start":{"line":32,"column":4},"end":{"line":32,"column":47}},"6":{"start":{"line":35,"column":4},"end":{"line":35,"column":62}},"7":{"start":{"line":36,"column":19},"end":{"line":39,"column":6}},"8":{"start":{"line":41,"column":4},"end":{"line":41,"column":41}},"9":{"start":{"line":42,"column":4},"end":{"line":42,"column":90}},"10":{"start":{"line":43,"column":4},"end":{"line":43,"column":49}},"11":{"start":{"line":44,"column":4},"end":{"line":44,"column":92}},"12":{"start":{"line":47,"column":4},"end":{"line":50,"column":5}},"13":{"start":{"line":48,"column":6},"end":{"line":48,"column":33}},"14":{"start":{"line":49,"column":6},"end":{"line":49,"column":34}},"15":{"start":{"line":52,"column":4},"end":{"line":55,"column":5}},"16":{"start":{"line":53,"column":6},"end":{"line":53,"column":30}},"17":{"start":{"line":54,"column":6},"end":{"line":54,"column":31}},"18":{"start":{"line":57,"column":4},"end":{"line":57,"column":25}},"19":{"start":{"line":58,"column":4},"end":{"line":58,"column":29}},"20":{"start":{"line":60,"column":4},"end":{"line":60,"column":47}},"21":{"start":{"line":61,"column":4},"end":{"line":61,"column":41}},"22":{"start":{"line":62,"column":4},"end":{"line":62,"column":20}},"23":{"start":{"line":66,"column":0},"end":{"line":66,"column":13}}},"fnMap":{"0":{"name":"getAPIInfo","decl":{"start":{"line":11,"column":15},"end":{"line":11,"column":25}},"loc":{"start":{"line":11,"column":28},"end":{"line":64,"column":1}},"line":11}},"branchMap":{"0":{"loc":{"start":{"line":47,"column":4},"end":{"line":50,"column":5}},"type":"if","locations":[{"start":{"line":47,"column":4},"end":{"line":50,"column":5}},{"start":{},"end":{}}],"line":47},"1":{"loc":{"start":{"line":52,"column":4},"end":{"line":55,"column":5}},"type":"if","locations":[{"start":{"line":52,"column":4},"end":{"line":55,"column":5}},{"start":{},"end":{}}],"line":52}},"s":{"0":0,"1":0,"2":0,"3":0,"4":0,"5":0,"6":0,"7":0,"8":0,"9":0,"10":0,"11":0,"12":0,"13":0,"14":0,"15":0,"16":0,"17":0,"18":0,"19":0,"20":0,"21":0,"22":0,"23":0},"f":{"0":0},"b":{"0":[0,0],"1":[0,0]},"inputSourceMap":null}
,"/Users/eupirate/Desktop/Cloud/my_site_3_bot_maya_repo/Maya/backend/mcp-client.js": {"path":"/Users/eupirate/Desktop/Cloud/my_site_3_bot_maya_repo/Maya/backend/mcp-client.js","statementMap":{"0":{"start":{"line":20,"column":2},"end":{"line":22,"column":3}},"1":{"start":{"line":21,"column":4},"end":{"line":21,"column":19}},"2":{"start":{"line":25,"column":27},"end":{"line":33,"column":3}},"3":{"start":{"line":37,"column":2},"end":{"line":37,"column":39}},"4":{"start":{"line":38,"column":2},"end":{"line":38,"column":39}},"5":{"start":{"line":41,"column":23},"end":{"line":41,"column":76}},"6":{"start":{"line":41,"column":55},"end":{"line":41,"column":75}},"7":{"start":{"line":43,"column":2},"end":{"line":46,"column":3}},"8":{"start":{"line":45,"column":4},"end":{"line":45,"column":19}},"9":{"start":{"line":49,"column":19},"end":{"line":49,"column":151}},"10":{"start":{"line":52,"column":27},"end":{"line":54,"column":3}},"11":{"start":{"line":57,"column":2},"end":{"line":71,"column":3}},"12":{"start":{"line":57,"column":15},"end":{"line":57,"column":34}},"13":{"start":{"line":58,"column":20},"end":{"line":58,"column":38}},"14":{"start":{"line":59,"column":4},"end":{"line":59,"column":27}},"15":{"start":{"line":59,"column":18},"end":{"line":59,"column":27}},"16":{"start":{"line":62,"column":18},"end":{"line":62,"column":82}},"17":{"start":{"line":62,"column":47},"end":{"line":62,"column":55}},"18":{"start":{"line":62,"column":69},"end":{"line":62,"column":81}},"19":{"start":{"line":64,"column":4},"end":{"line":70,"column":5}},"20":{"start":{"line":65,"column":6},"end":{"line":69,"column":7}},"21":{"start":{"line":65,"column":43},"end":{"line":65,"column":61}},"22":{"start":{"line":67,"column":27},"end":{"line":67,"column":48}},"23":{"start":{"line":68,"column":8},"end":{"line":68,"column":52}},"24":{"start":{"line":74,"column":16},"end":{"line":74,"column":23}},"25":{"start":{"line":75,"column":2},"end":{"line":77,"column":5}},"26":{"start":{"line":76,"column":4},"end":{"line":76,"column":43}},"27":{"start":{"line":80,"column":16},"end":{"line":83,"column":4}},"28":{"start":{"line":81,"column":20},"end":{"line":81,"column":31}},"29":{"start":{"line":82,"column":4},"end":{"line":82,"column":154}},"30":{"start":{"line":85,"column":2},"end":{"line":85,"column":63}},"31":{"start":{"line":87,"column":2},"end":{"line":87,"column":28}},"32":{"start":{"line":95,"column":2},"end":{"line":95,"column":60}},"33":{"start":{"line":95,"column":47},"end":{"line":95,"column":60}},"34":{"start":{"line":97,"column":23},"end":{"line":97,"column":51}},"35":{"start":{"line":100,"column":32},"end":{"line":106,"column":3}},"36":{"start":{"line":109,"column":2},"end":{"line":111,"column":3}},"37":{"start":{"line":109,"column":44},"end":{"line":109,"column":70}},"38":{"start":{"line":110,"column":4},"end":{"line":110,"column":16}},"39":{"start":{"line":114,"column":28},"end":{"line":120,"column":3}},"40":{"start":{"line":122,"column":23},"end":{"line":122,"column":82}},"41":{"start":{"line":122,"column":54},"end":{"line":122,"column":81}},"42":{"start":{"line":125,"column":27},"end":{"line":129,"column":3}},"43":{"start":{"line":131,"column":21},"end":{"line":131,"column":81}},"44":{"start":{"line":131,"column":54},"end":{"line":131,"column":80}},"45":{"start":{"line":135,"column":2},"end":{"line":135,"column":36}},"46":{"start":{"line":142,"column":14},"end":{"line":142,"column":15}},"47":{"start":{"line":145,"column":2},"end":{"line":150,"column":3}},"48":{"start":{"line":146,"column":4},"end":{"line":146,"column":14}},"49":{"start":{"line":149,"column":4},"end":{"line":149,"column":13}},"50":{"start":{"line":153,"column":2},"end":{"line":164,"column":3}},"51":{"start":{"line":153,"column":15},"end":{"line":153,"column":33}},"52":{"start":{"line":154,"column":16},"end":{"line":154,"column":26}},"53":{"start":{"line":157,"column":4},"end":{"line":162,"column":5}},"54":{"start":{"line":158,"column":6},"end":{"line":158,"column":14}},"55":{"start":{"line":159,"column":11},"end":{"line":162,"column":5}},"56":{"start":{"line":161,"column":6},"end":{"line":161,"column":12}},"57":{"start":{"line":166,"column":2},"end":{"line":166,"column":15}},"58":{"start":{"line":174,"column":2},"end":{"line":188,"column":3}},"59":{"start":{"line":175,"column":20},"end":{"line":175,"column":43}},"60":{"start":{"line":177,"column":4},"end":{"line":182,"column":5}},"61":{"start":{"line":179,"column":23},"end":{"line":180,"column":89}},"62":{"start":{"line":180,"column":58},"end":{"line":180,"column":80}},"63":{"start":{"line":181,"column":6},"end":{"line":181,"column":37}},"64":{"start":{"line":184,"column":4},"end":{"line":184,"column":25}},"65":{"start":{"line":186,"column":4},"end":{"line":186,"column":59}},"66":{"start":{"line":187,"column":4},"end":{"line":187,"column":14}},"67":{"start":{"line":196,"column":2},"end":{"line":196,"column":56}},"68":{"start":{"line":198,"column":2},"end":{"line":211,"column":3}},"69":{"start":{"line":199,"column":20},"end":{"line":199,"column":42}},"70":{"start":{"line":201,"column":4},"end":{"line":205,"column":5}},"71":{"start":{"line":202,"column":23},"end":{"line":203,"column":89}},"72":{"start":{"line":203,"column":58},"end":{"line":203,"column":80}},"73":{"start":{"line":204,"column":6},"end":{"line":204,"column":40}},"74":{"start":{"line":207,"column":4},"end":{"line":207,"column":25}},"75":{"start":{"line":209,"column":4},"end":{"line":209,"column":52}},"76":{"start":{"line":210,"column":4},"end":{"line":210,"column":14}},"77":{"start":{"line":219,"column":16},"end":{"line":219,"column":28}},"78":{"start":{"line":220,"column":18},"end":{"line":220,"column":40}},"79":{"start":{"line":221,"column":21},"end":{"line":221,"column":38}},"80":{"start":{"line":222,"column":26},"end":{"line":222,"column":43}},"81":{"start":{"line":223,"column":22},"end":{"line":223,"column":45}},"82":{"start":{"line":225,"column":2},"end":{"line":233,"column":4}},"83":{"start":{"line":238,"column":21},"end":{"line":334,"column":226}},"84":{"start":{"line":337,"column":20},"end":{"line":337,"column":43}},"85":{"start":{"line":340,"column":2},"end":{"line":342,"column":3}},"86":{"start":{"line":341,"column":4},"end":{"line":341,"column":43}},"87":{"start":{"line":344,"column":2},"end":{"line":344,"column":20}},"88":{"start":{"line":349,"column":4},"end":{"line":349,"column":23}},"89":{"start":{"line":350,"column":4},"end":{"line":350,"column":26}},"90":{"start":{"line":351,"column":4},"end":{"line":351,"column":27}},"91":{"start":{"line":352,"column":4},"end":{"line":352,"column":31}},"92":{"start":{"line":353,"column":4},"end":{"line":353,"column":34}},"93":{"start":{"line":357,"column":4},"end":{"line":359,"column":5}},"94":{"start":{"line":358,"column":6},"end":{"line":358,"column":13}},"95":{"start":{"line":361,"column":4},"end":{"line":404,"column":5}},"96":{"start":{"line":362,"column":6},"end":{"line":362,"column":45}},"97":{"start":{"line":364,"column":6},"end":{"line":371,"column":9}},"98":{"start":{"line":373,"column":6},"end":{"line":378,"column":9}},"99":{"start":{"line":381,"column":29},"end":{"line":381,"column":64}},"100":{"start":{"line":382,"column":29},"end":{"line":384,"column":8}},"101":{"start":{"line":383,"column":8},"end":{"line":383,"column":94}},"102":{"start":{"line":383,"column":25},"end":{"line":383,"column":85}},"103":{"start":{"line":386,"column":6},"end":{"line":386,"column":59}},"104":{"start":{"line":387,"column":6},"end":{"line":387,"column":28}},"105":{"start":{"line":388,"column":6},"end":{"line":388,"column":33}},"106":{"start":{"line":389,"column":6},"end":{"line":389,"column":51}},"107":{"start":{"line":391,"column":6},"end":{"line":391,"column":47}},"108":{"start":{"line":392,"column":6},"end":{"line":392,"column":29}},"109":{"start":{"line":394,"column":6},"end":{"line":400,"column":7}},"110":{"start":{"line":395,"column":8},"end":{"line":399,"column":9}},"111":{"start":{"line":396,"column":10},"end":{"line":396,"column":39}},"112":{"start":{"line":401,"column":6},"end":{"line":401,"column":28}},"113":{"start":{"line":402,"column":6},"end":{"line":402,"column":25}},"114":{"start":{"line":403,"column":6},"end":{"line":403,"column":18}},"115":{"start":{"line":412,"column":4},"end":{"line":424,"column":5}},"116":{"start":{"line":413,"column":6},"end":{"line":420,"column":7}},"117":{"start":{"line":414,"column":24},"end":{"line":417,"column":10}},"118":{"start":{"line":418,"column":8},"end":{"line":418,"column":69}},"119":{"start":{"line":423,"column":6},"end":{"line":423,"column":90}},"120":{"start":{"line":426,"column":4},"end":{"line":426,"column":62}},"121":{"start":{"line":438,"column":19},"end":{"line":438,"column":113}},"122":{"start":{"line":440,"column":4},"end":{"line":546,"column":5}},"123":{"start":{"line":442,"column":27},"end":{"line":442,"column":50}},"124":{"start":{"line":443,"column":23},"end":{"line":450,"column":7}},"125":{"start":{"line":445,"column":31},"end":{"line":448,"column":9}},"126":{"start":{"line":452,"column":23},"end":{"line":465,"column":8}},"127":{"start":{"line":467,"column":6},"end":{"line":488,"column":7}},"128":{"start":{"line":468,"column":24},"end":{"line":468,"column":26}},"129":{"start":{"line":469,"column":24},"end":{"line":469,"column":26}},"130":{"start":{"line":470,"column":8},"end":{"line":475,"column":9}},"131":{"start":{"line":471,"column":10},"end":{"line":471,"column":44}},"132":{"start":{"line":472,"column":10},"end":{"line":472,"column":61}},"133":{"start":{"line":474,"column":10},"end":{"line":474,"column":78}},"134":{"start":{"line":477,"column":25},"end":{"line":477,"column":137}},"135":{"start":{"line":478,"column":8},"end":{"line":486,"column":11}},"136":{"start":{"line":487,"column":8},"end":{"line":487,"column":83}},"137":{"start":{"line":490,"column":19},"end":{"line":490,"column":40}},"138":{"start":{"line":491,"column":20},"end":{"line":491,"column":141}},"139":{"start":{"line":494,"column":6},"end":{"line":494,"column":39}},"140":{"start":{"line":497,"column":35},"end":{"line":497,"column":81}},"141":{"start":{"line":498,"column":25},"end":{"line":498,"column":50}},"142":{"start":{"line":499,"column":6},"end":{"line":506,"column":7}},"143":{"start":{"line":500,"column":8},"end":{"line":504,"column":11}},"144":{"start":{"line":505,"column":8},"end":{"line":505,"column":39}},"145":{"start":{"line":509,"column":40},"end":{"line":509,"column":88}},"146":{"start":{"line":510,"column":6},"end":{"line":516,"column":7}},"147":{"start":{"line":512,"column":27},"end":{"line":512,"column":289}},"148":{"start":{"line":513,"column":8},"end":{"line":515,"column":9}},"149":{"start":{"line":514,"column":10},"end":{"line":514,"column":41}},"150":{"start":{"line":518,"column":6},"end":{"line":521,"column":8}},"151":{"start":{"line":523,"column":6},"end":{"line":530,"column":9}},"152":{"start":{"line":533,"column":6},"end":{"line":538,"column":7}},"153":{"start":{"line":534,"column":8},"end":{"line":537,"column":11}},"154":{"start":{"line":541,"column":6},"end":{"line":545,"column":8}},"155":{"start":{"line":550,"column":4},"end":{"line":558,"column":5}},"156":{"start":{"line":551,"column":6},"end":{"line":557,"column":7}},"157":{"start":{"line":552,"column":8},"end":{"line":552,"column":34}},"158":{"start":{"line":553,"column":8},"end":{"line":553,"column":31}},"159":{"start":{"line":554,"column":8},"end":{"line":554,"column":37}},"160":{"start":{"line":556,"column":8},"end":{"line":556,"column":52}},"161":{"start":{"line":566,"column":4},"end":{"line":566,"column":36}},"162":{"start":{"line":573,"column":4},"end":{"line":573,"column":31}}},"fnMap":{"0":{"name":"cleanResponse","decl":{"start":{"line":19,"column":9},"end":{"line":19,"column":22}},"loc":{"start":{"line":19,"column":32},"end":{"line":88,"column":1}},"line":19},"1":{"name":"(anonymous_1)","decl":{"start":{"line":41,"column":45},"end":{"line":41,"column":46}},"loc":{"start":{"line":41,"column":55},"end":{"line":41,"column":75}},"line":41},"2":{"name":"(anonymous_2)","decl":{"start":{"line":62,"column":42},"end":{"line":62,"column":43}},"loc":{"start":{"line":62,"column":47},"end":{"line":62,"column":55}},"line":62},"3":{"name":"(anonymous_3)","decl":{"start":{"line":62,"column":64},"end":{"line":62,"column":65}},"loc":{"start":{"line":62,"column":69},"end":{"line":62,"column":81}},"line":62},"4":{"name":"(anonymous_4)","decl":{"start":{"line":65,"column":32},"end":{"line":65,"column":33}},"loc":{"start":{"line":65,"column":43},"end":{"line":65,"column":61}},"line":65},"5":{"name":"(anonymous_5)","decl":{"start":{"line":75,"column":27},"end":{"line":75,"column":28}},"loc":{"start":{"line":75,"column":38},"end":{"line":77,"column":3}},"line":75},"6":{"name":"(anonymous_6)","decl":{"start":{"line":80,"column":43},"end":{"line":80,"column":44}},"loc":{"start":{"line":80,"column":51},"end":{"line":83,"column":3}},"line":80},"7":{"name":"isQuestionAboutJanet","decl":{"start":{"line":94,"column":9},"end":{"line":94,"column":29}},"loc":{"start":{"line":94,"column":39},"end":{"line":136,"column":1}},"line":94},"8":{"name":"(anonymous_8)","decl":{"start":{"line":109,"column":33},"end":{"line":109,"column":34}},"loc":{"start":{"line":109,"column":44},"end":{"line":109,"column":70}},"line":109},"9":{"name":"(anonymous_9)","decl":{"start":{"line":122,"column":46},"end":{"line":122,"column":47}},"loc":{"start":{"line":122,"column":54},"end":{"line":122,"column":81}},"line":122},"10":{"name":"(anonymous_10)","decl":{"start":{"line":131,"column":43},"end":{"line":131,"column":44}},"loc":{"start":{"line":131,"column":54},"end":{"line":131,"column":80}},"line":131},"11":{"name":"countConsecutiveJanetQuestions","decl":{"start":{"line":141,"column":9},"end":{"line":141,"column":39}},"loc":{"start":{"line":141,"column":70},"end":{"line":167,"column":1}},"line":141},"12":{"name":"ensureKBContext","decl":{"start":{"line":173,"column":15},"end":{"line":173,"column":30}},"loc":{"start":{"line":173,"column":33},"end":{"line":189,"column":1}},"line":173},"13":{"name":"(anonymous_13)","decl":{"start":{"line":180,"column":53},"end":{"line":180,"column":54}},"loc":{"start":{"line":180,"column":58},"end":{"line":180,"column":80}},"line":180},"14":{"name":"refreshKBContext","decl":{"start":{"line":195,"column":22},"end":{"line":195,"column":38}},"loc":{"start":{"line":195,"column":41},"end":{"line":212,"column":1}},"line":195},"15":{"name":"(anonymous_15)","decl":{"start":{"line":203,"column":53},"end":{"line":203,"column":54}},"loc":{"start":{"line":203,"column":58},"end":{"line":203,"column":80}},"line":203},"16":{"name":"getKBStatus","decl":{"start":{"line":218,"column":22},"end":{"line":218,"column":33}},"loc":{"start":{"line":218,"column":36},"end":{"line":234,"column":1}},"line":218},"17":{"name":"getSystemPrompt","decl":{"start":{"line":237,"column":15},"end":{"line":237,"column":30}},"loc":{"start":{"line":237,"column":33},"end":{"line":345,"column":1}},"line":237},"18":{"name":"(anonymous_18)","decl":{"start":{"line":348,"column":2},"end":{"line":348,"column":3}},"loc":{"start":{"line":348,"column":16},"end":{"line":354,"column":3}},"line":348},"19":{"name":"(anonymous_19)","decl":{"start":{"line":356,"column":2},"end":{"line":356,"column":3}},"loc":{"start":{"line":356,"column":18},"end":{"line":405,"column":3}},"line":356},"20":{"name":"(anonymous_20)","decl":{"start":{"line":382,"column":41},"end":{"line":382,"column":42}},"loc":{"start":{"line":382,"column":56},"end":{"line":384,"column":7}},"line":382},"21":{"name":"(anonymous_21)","decl":{"start":{"line":383,"column":19},"end":{"line":383,"column":20}},"loc":{"start":{"line":383,"column":25},"end":{"line":383,"column":85}},"line":383},"22":{"name":"(anonymous_22)","decl":{"start":{"line":407,"column":2},"end":{"line":407,"column":3}},"loc":{"start":{"line":407,"column":36},"end":{"line":427,"column":3}},"line":407},"23":{"name":"(anonymous_23)","decl":{"start":{"line":433,"column":2},"end":{"line":433,"column":3}},"loc":{"start":{"line":433,"column":53},"end":{"line":547,"column":3}},"line":433},"24":{"name":"(anonymous_24)","decl":{"start":{"line":445,"column":23},"end":{"line":445,"column":24}},"loc":{"start":{"line":445,"column":31},"end":{"line":448,"column":9}},"line":445},"25":{"name":"(anonymous_25)","decl":{"start":{"line":549,"column":2},"end":{"line":549,"column":3}},"loc":{"start":{"line":549,"column":16},"end":{"line":559,"column":3}},"line":549},"26":{"name":"(anonymous_26)","decl":{"start":{"line":565,"column":2},"end":{"line":565,"column":3}},"loc":{"start":{"line":565,"column":27},"end":{"line":567,"column":3}},"line":565},"27":{"name":"(anonymous_27)","decl":{"start":{"line":572,"column":2},"end":{"line":572,"column":3}},"loc":{"start":{"line":572,"column":22},"end":{"line":574,"column":3}},"line":572}},"branchMap":{"0":{"loc":{"start":{"line":20,"column":2},"end":{"line":22,"column":3}},"type":"if","locations":[{"start":{"line":20,"column":2},"end":{"line":22,"column":3}},{"start":{},"end":{}}],"line":20},"1":{"loc":{"start":{"line":20,"column":6},"end":{"line":20,"column":45}},"type":"binary-expr","locations":[{"start":{"line":20,"column":6},"end":{"line":20,"column":14}},{"start":{"line":20,"column":18},"end":{"line":20,"column":45}}],"line":20},"2":{"loc":{"start":{"line":43,"column":2},"end":{"line":46,"column":3}},"type":"if","locations":[{"start":{"line":43,"column":2},"end":{"line":46,"column":3}},{"start":{},"end":{}}],"line":43},"3":{"loc":{"start":{"line":59,"column":4},"end":{"line":59,"column":27}},"type":"if","locations":[{"start":{"line":59,"column":4},"end":{"line":59,"column":27}},{"start":{},"end":{}}],"line":59},"4":{"loc":{"start":{"line":65,"column":6},"end":{"line":69,"column":7}},"type":"if","locations":[{"start":{"line":65,"column":6},"end":{"line":69,"column":7}},{"start":{},"end":{}}],"line":65},"5":{"loc":{"start":{"line":87,"column":9},"end":{"line":87,"column":27}},"type":"binary-expr","locations":[{"start":{"line":87,"column":9},"end":{"line":87,"column":16}},{"start":{"line":87,"column":20},"end":{"line":87,"column":27}}],"line":87},"6":{"loc":{"start":{"line":95,"column":2},"end":{"line":95,"column":60}},"type":"if","locations":[{"start":{"line":95,"column":2},"end":{"line":95,"column":60}},{"start":{},"end":{}}],"line":95},"7":{"loc":{"start":{"line":95,"column":6},"end":{"line":95,"column":45}},"type":"binary-expr","locations":[{"start":{"line":95,"column":6},"end":{"line":95,"column":14}},{"start":{"line":95,"column":18},"end":{"line":95,"column":45}}],"line":95},"8":{"loc":{"start":{"line":109,"column":2},"end":{"line":111,"column":3}},"type":"if","locations":[{"start":{"line":109,"column":2},"end":{"line":111,"column":3}},{"start":{},"end":{}}],"line":109},"9":{"loc":{"start":{"line":135,"column":9},"end":{"line":135,"column":35}},"type":"binary-expr","locations":[{"start":{"line":135,"column":9},"end":{"line":135,"column":21}},{"start":{"line":135,"column":25},"end":{"line":135,"column":35}}],"line":135},"10":{"loc":{"start":{"line":141,"column":56},"end":{"line":141,"column":68}},"type":"default-arg","locations":[{"start":{"line":141,"column":66},"end":{"line":141,"column":68}}],"line":141},"11":{"loc":{"start":{"line":145,"column":2},"end":{"line":150,"column":3}},"type":"if","locations":[{"start":{"line":145,"column":2},"end":{"line":150,"column":3}},{"start":{"line":147,"column":9},"end":{"line":150,"column":3}}],"line":145},"12":{"loc":{"start":{"line":157,"column":4},"end":{"line":162,"column":5}},"type":"if","locations":[{"start":{"line":157,"column":4},"end":{"line":162,"column":5}},{"start":{"line":159,"column":11},"end":{"line":162,"column":5}}],"line":157},"13":{"loc":{"start":{"line":157,"column":8},"end":{"line":157,"column":64}},"type":"binary-expr","locations":[{"start":{"line":157,"column":8},"end":{"line":157,"column":27}},{"start":{"line":157,"column":31},"end":{"line":157,"column":64}}],"line":157},"14":{"loc":{"start":{"line":159,"column":11},"end":{"line":162,"column":5}},"type":"if","locations":[{"start":{"line":159,"column":11},"end":{"line":162,"column":5}},{"start":{},"end":{}}],"line":159},"15":{"loc":{"start":{"line":177,"column":4},"end":{"line":182,"column":5}},"type":"if","locations":[{"start":{"line":177,"column":4},"end":{"line":182,"column":5}},{"start":{},"end":{}}],"line":177},"16":{"loc":{"start":{"line":179,"column":24},"end":{"line":179,"column":71}},"type":"binary-expr","locations":[{"start":{"line":179,"column":24},"end":{"line":179,"column":65}},{"start":{"line":179,"column":69},"end":{"line":179,"column":71}}],"line":179},"17":{"loc":{"start":{"line":184,"column":11},"end":{"line":184,"column":24}},"type":"binary-expr","locations":[{"start":{"line":184,"column":11},"end":{"line":184,"column":18}},{"start":{"line":184,"column":22},"end":{"line":184,"column":24}}],"line":184},"18":{"loc":{"start":{"line":201,"column":4},"end":{"line":205,"column":5}},"type":"if","locations":[{"start":{"line":201,"column":4},"end":{"line":205,"column":5}},{"start":{},"end":{}}],"line":201},"19":{"loc":{"start":{"line":202,"column":24},"end":{"line":202,"column":71}},"type":"binary-expr","locations":[{"start":{"line":202,"column":24},"end":{"line":202,"column":65}},{"start":{"line":202,"column":69},"end":{"line":202,"column":71}}],"line":202},"20":{"loc":{"start":{"line":207,"column":11},"end":{"line":207,"column":24}},"type":"binary-expr","locations":[{"start":{"line":207,"column":11},"end":{"line":207,"column":18}},{"start":{"line":207,"column":22},"end":{"line":207,"column":24}}],"line":207},"21":{"loc":{"start":{"line":340,"column":2},"end":{"line":342,"column":3}},"type":"if","locations":[{"start":{"line":340,"column":2},"end":{"line":342,"column":3}},{"start":{},"end":{}}],"line":340},"22":{"loc":{"start":{"line":357,"column":4},"end":{"line":359,"column":5}},"type":"if","locations":[{"start":{"line":357,"column":4},"end":{"line":359,"column":5}},{"start":{},"end":{}}],"line":357},"23":{"loc":{"start":{"line":357,"column":8},"end":{"line":357,"column":37}},"type":"binary-expr","locations":[{"start":{"line":357,"column":8},"end":{"line":357,"column":22}},{"start":{"line":357,"column":26},"end":{"line":357,"column":37}}],"line":357},"24":{"loc":{"start":{"line":394,"column":6},"end":{"line":400,"column":7}},"type":"if","locations":[{"start":{"line":394,"column":6},"end":{"line":400,"column":7}},{"start":{},"end":{}}],"line":394},"25":{"loc":{"start":{"line":407,"column":22},"end":{"line":407,"column":34}},"type":"default-arg","locations":[{"start":{"line":407,"column":32},"end":{"line":407,"column":34}}],"line":407},"26":{"loc":{"start":{"line":413,"column":6},"end":{"line":420,"column":7}},"type":"if","locations":[{"start":{"line":413,"column":6},"end":{"line":420,"column":7}},{"start":{},"end":{}}],"line":413},"27":{"loc":{"start":{"line":413,"column":10},"end":{"line":413,"column":39}},"type":"binary-expr","locations":[{"start":{"line":413,"column":10},"end":{"line":413,"column":24}},{"start":{"line":413,"column":28},"end":{"line":413,"column":39}}],"line":413},"28":{"loc":{"start":{"line":433,"column":39},"end":{"line":433,"column":51}},"type":"default-arg","locations":[{"start":{"line":433,"column":49},"end":{"line":433,"column":51}}],"line":433},"29":{"loc":{"start":{"line":438,"column":19},"end":{"line":438,"column":113}},"type":"binary-expr","locations":[{"start":{"line":438,"column":19},"end":{"line":438,"column":50}},{"start":{"line":438,"column":54},"end":{"line":438,"column":113}}],"line":438},"30":{"loc":{"start":{"line":446,"column":16},"end":{"line":446,"column":58}},"type":"cond-expr","locations":[{"start":{"line":446,"column":38},"end":{"line":446,"column":44}},{"start":{"line":446,"column":47},"end":{"line":446,"column":58}}],"line":446},"31":{"loc":{"start":{"line":459,"column":17},"end":{"line":459,"column":63}},"type":"binary-expr","locations":[{"start":{"line":459,"column":17},"end":{"line":459,"column":46}},{"start":{"line":459,"column":50},"end":{"line":459,"column":63}}],"line":459},"32":{"loc":{"start":{"line":467,"column":6},"end":{"line":488,"column":7}},"type":"if","locations":[{"start":{"line":467,"column":6},"end":{"line":488,"column":7}},{"start":{},"end":{}}],"line":467},"33":{"loc":{"start":{"line":472,"column":22},"end":{"line":472,"column":60}},"type":"cond-expr","locations":[{"start":{"line":472,"column":34},"end":{"line":472,"column":55}},{"start":{"line":472,"column":58},"end":{"line":472,"column":60}}],"line":472},"34":{"loc":{"start":{"line":474,"column":37},"end":{"line":474,"column":75}},"type":"binary-expr","locations":[{"start":{"line":474,"column":37},"end":{"line":474,"column":46}},{"start":{"line":474,"column":50},"end":{"line":474,"column":75}}],"line":474},"35":{"loc":{"start":{"line":477,"column":25},"end":{"line":477,"column":137}},"type":"binary-expr","locations":[{"start":{"line":477,"column":25},"end":{"line":477,"column":49}},{"start":{"line":477,"column":53},"end":{"line":477,"column":70}},{"start":{"line":477,"column":74},"end":{"line":477,"column":89}},{"start":{"line":477,"column":93},"end":{"line":477,"column":102}},{"start":{"line":477,"column":106},"end":{"line":477,"column":137}}],"line":477},"36":{"loc":{"start":{"line":483,"column":17},"end":{"line":483,"column":63}},"type":"binary-expr","locations":[{"start":{"line":483,"column":17},"end":{"line":483,"column":46}},{"start":{"line":483,"column":50},"end":{"line":483,"column":63}}],"line":483},"37":{"loc":{"start":{"line":491,"column":20},"end":{"line":491,"column":141}},"type":"binary-expr","locations":[{"start":{"line":491,"column":20},"end":{"line":491,"column":55}},{"start":{"line":491,"column":59},"end":{"line":491,"column":71}},{"start":{"line":491,"column":75},"end":{"line":491,"column":141}}],"line":491},"38":{"loc":{"start":{"line":499,"column":6},"end":{"line":506,"column":7}},"type":"if","locations":[{"start":{"line":499,"column":6},"end":{"line":506,"column":7}},{"start":{},"end":{}}],"line":499},"39":{"loc":{"start":{"line":510,"column":6},"end":{"line":516,"column":7}},"type":"if","locations":[{"start":{"line":510,"column":6},"end":{"line":516,"column":7}},{"start":{},"end":{}}],"line":510},"40":{"loc":{"start":{"line":513,"column":8},"end":{"line":515,"column":9}},"type":"if","locations":[{"start":{"line":513,"column":8},"end":{"line":515,"column":9}},{"start":{},"end":{}}],"line":513},"41":{"loc":{"start":{"line":513,"column":12},"end":{"line":513,"column":122}},"type":"binary-expr","locations":[{"start":{"line":513,"column":12},"end":{"line":513,"column":65}},{"start":{"line":513,"column":69},"end":{"line":513,"column":122}}],"line":513},"42":{"loc":{"start":{"line":525,"column":15},"end":{"line":525,"column":61}},"type":"binary-expr","locations":[{"start":{"line":525,"column":15},"end":{"line":525,"column":44}},{"start":{"line":525,"column":48},"end":{"line":525,"column":61}}],"line":525},"43":{"loc":{"start":{"line":533,"column":6},"end":{"line":538,"column":7}},"type":"if","locations":[{"start":{"line":533,"column":6},"end":{"line":538,"column":7}},{"start":{},"end":{}}],"line":533},"44":{"loc":{"start":{"line":533,"column":10},"end":{"line":533,"column":129}},"type":"binary-expr","locations":[{"start":{"line":533,"column":10},"end":{"line":533,"column":48}},{"start":{"line":533,"column":52},"end":{"line":533,"column":87}},{"start":{"line":533,"column":91},"end":{"line":533,"column":129}}],"line":533},"45":{"loc":{"start":{"line":550,"column":4},"end":{"line":558,"column":5}},"type":"if","locations":[{"start":{"line":550,"column":4},"end":{"line":558,"column":5}},{"start":{},"end":{}}],"line":550}},"s":{"0":0,"1":0,"2":0,"3":0,"4":0,"5":0,"6":0,"7":0,"8":0,"9":0,"10":0,"11":0,"12":0,"13":0,"14":0,"15":0,"16":0,"17":0,"18":0,"19":0,"20":0,"21":0,"22":0,"23":0,"24":0,"25":0,"26":0,"27":0,"28":0,"29":0,"30":0,"31":0,"32":0,"33":0,"34":0,"35":0,"36":0,"37":0,"38":0,"39":0,"40":0,"41":0,"42":0,"43":0,"44":0,"45":0,"46":0,"47":0,"48":0,"49":0,"50":0,"51":0,"52":0,"53":0,"54":0,"55":0,"56":0,"57":0,"58":0,"59":0,"60":0,"61":0,"62":0,"63":0,"64":0,"65":0,"66":0,"67":0,"68":0,"69":0,"70":0,"71":0,"72":0,"73":0,"74":0,"75":0,"76":0,"77":0,"78":0,"79":0,"80":0,"81":0,"82":0,"83":0,"84":0,"85":0,"86":0,"87":0,"88":5,"89":5,"90":5,"91":5,"92":5,"93":0,"94":0,"95":0,"96":0,"97":0,"98":0,"99":0,"100":0,"101":0,"102":0,"103":0,"104":0,"105":0,"106":0,"107":0,"108":0,"109":0,"110":0,"111":0,"112":0,"113":0,"114":0,"115":0,"116":0,"117":0,"118":0,"119":0,"120":0,"121":0,"122":0,"123":0,"124":0,"125":0,"126":0,"127":0,"128":0,"129":0,"130":0,"131":0,"132":0,"133":0,"134":0,"135":0,"136":0,"137":0,"138":0,"139":0,"140":0,"141":0,"142":0,"143":0,"144":0,"145":0,"146":0,"147":0,"148":0,"149":0,"150":0,"151":0,"152":0,"153":0,"154":0,"155":0,"156":0,"157":0,"158":0,"159":0,"160":0,"161":0,"162":0},"f":{"0":0,"1":0,"2":0,"3":0,"4":0,"5":0,"6":0,"7":0,"8":0,"9":0,"10":0,"11":0,"12":0,"13":0,"14":0,"15":0,"16":0,"17":0,"18":5,"19":0,"20":0,"21":0,"22":0,"23":0,"24":0,"25":0,"26":0,"27":0},"b":{"0":[0,0],"1":[0,0],"2":[0,0],"3":[0,0],"4":[0,0],"5":[0,0],"6":[0,0],"7":[0,0],"8":[0,0],"9":[0,0],"10":[0],"11":[0,0],"12":[0,0],"13":[0,0],"14":[0,0],"15":[0,0],"16":[0,0],"17":[0,0],"18":[0,0],"19":[0,0],"20":[0,0],"21":[0,0],"22":[0,0],"23":[0,0],"24":[0,0],"25":[0],"26":[0,0],"27":[0,0],"28":[0],"29":[0,0],"30":[0,0],"31":[0,0],"32":[0,0],"33":[0,0],"34":[0,0],"35":[0,0,0,0,0],"36":[0,0],"37":[0,0,0],"38":[0,0],"39":[0,0],"40":[0,0],"41":[0,0],"42":[0,0],"43":[0,0],"44":[0,0,0],"45":[0,0]},"inputSourceMap":null,"_coverageSchema":"1a1c01bbd47fc00a2c39e90264f33305004495a9","hash":"349257b46c5ac66e6fb1a653b385a99804539f1f"}
,"/Users/eupirate/Desktop/Cloud/my_site_3_bot_maya_repo/Maya/backend/run-all-tests.js": {"path":"/Users/eupirate/Desktop/Cloud/my_site_3_bot_maya_repo/Maya/backend/run-all-tests.js","statementMap":{"0":{"start":{"line":13,"column":19},"end":{"line":13,"column":49}},"1":{"start":{"line":14,"column":18},"end":{"line":14,"column":37}},"2":{"start":{"line":16,"column":15},"end":{"line":23,"column":1}},"3":{"start":{"line":25,"column":15},"end":{"line":37,"column":1}},"4":{"start":{"line":40,"column":2},"end":{"line":40,"column":59}},"5":{"start":{"line":44,"column":21},"end":{"line":51,"column":3}},"6":{"start":{"line":53,"column":2},"end":{"line":84,"column":3}},"7":{"start":{"line":54,"column":4},"end":{"line":54,"column":39}},"8":{"start":{"line":55,"column":4},"end":{"line":55,"column":36}},"9":{"start":{"line":56,"column":4},"end":{"line":56,"column":37}},"10":{"start":{"line":58,"column":22},"end":{"line":58,"column":32}},"11":{"start":{"line":59,"column":19},"end":{"line":64,"column":6}},"12":{"start":{"line":65,"column":21},"end":{"line":65,"column":43}},"13":{"start":{"line":67,"column":4},"end":{"line":67,"column":33}},"14":{"start":{"line":68,"column":4},"end":{"line":68,"column":31}},"15":{"start":{"line":69,"column":4},"end":{"line":69,"column":35}},"16":{"start":{"line":71,"column":4},"end":{"line":71,"column":45}},"17":{"start":{"line":72,"column":4},"end":{"line":72,"column":28}},"18":{"start":{"line":74,"column":21},"end":{"line":74,"column":70}},"19":{"start":{"line":75,"column":4},"end":{"line":75,"column":33}},"20":{"start":{"line":76,"column":4},"end":{"line":76,"column":37}},"21":{"start":{"line":77,"column":4},"end":{"line":77,"column":59}},"22":{"start":{"line":78,"column":4},"end":{"line":78,"column":35}},"23":{"start":{"line":80,"column":4},"end":{"line":80,"column":45}},"24":{"start":{"line":81,"column":4},"end":{"line":81,"column":50}},"25":{"start":{"line":81,"column":22},"end":{"line":81,"column":50}},"26":{"start":{"line":82,"column":4},"end":{"line":82,"column":50}},"27":{"start":{"line":82,"column":22},"end":{"line":82,"column":50}},"28":{"start":{"line":83,"column":4},"end":{"line":83,"column":28}},"29":{"start":{"line":86,"column":2},"end":{"line":86,"column":32}},"30":{"start":{"line":87,"column":2},"end":{"line":87,"column":25}},"31":{"start":{"line":88,"column":2},"end":{"line":88,"column":20}},"32":{"start":{"line":92,"column":2},"end":{"line":92,"column":37}},"33":{"start":{"line":93,"column":2},"end":{"line":93,"column":40}},"34":{"start":{"line":94,"column":2},"end":{"line":94,"column":35}},"35":{"start":{"line":96,"column":2},"end":{"line":120,"column":3}},"36":{"start":{"line":97,"column":21},"end":{"line":100,"column":6}},"37":{"start":{"line":101,"column":19},"end":{"line":101,"column":39}},"38":{"start":{"line":102,"column":4},"end":{"line":106,"column":6}},"39":{"start":{"line":107,"column":4},"end":{"line":107,"column":52}},"40":{"start":{"line":108,"column":4},"end":{"line":108,"column":47}},"41":{"start":{"line":109,"column":4},"end":{"line":109,"column":57}},"42":{"start":{"line":110,"column":4},"end":{"line":110,"column":60}},"43":{"start":{"line":111,"column":4},"end":{"line":111,"column":16}},"44":{"start":{"line":113,"column":4},"end":{"line":117,"column":6}},"45":{"start":{"line":118,"column":4},"end":{"line":118,"column":65}},"46":{"start":{"line":119,"column":4},"end":{"line":119,"column":17}},"47":{"start":{"line":124,"column":2},"end":{"line":124,"column":37}},"48":{"start":{"line":125,"column":2},"end":{"line":125,"column":38}},"49":{"start":{"line":126,"column":2},"end":{"line":126,"column":35}},"50":{"start":{"line":128,"column":18},"end":{"line":133,"column":3}},"51":{"start":{"line":135,"column":2},"end":{"line":167,"column":3}},"52":{"start":{"line":136,"column":21},"end":{"line":145,"column":5}},"53":{"start":{"line":147,"column":17},"end":{"line":147,"column":37}},"54":{"start":{"line":148,"column":4},"end":{"line":148,"column":30}},"55":{"start":{"line":149,"column":4},"end":{"line":153,"column":6}},"56":{"start":{"line":155,"column":4},"end":{"line":155,"column":38}},"57":{"start":{"line":156,"column":4},"end":{"line":156,"column":85}},"58":{"start":{"line":157,"column":4},"end":{"line":157,"column":68}},"59":{"start":{"line":159,"column":4},"end":{"line":159,"column":34}},"60":{"start":{"line":160,"column":4},"end":{"line":160,"column":16}},"61":{"start":{"line":162,"column":4},"end":{"line":162,"column":30}},"62":{"start":{"line":163,"column":4},"end":{"line":163,"column":34}},"63":{"start":{"line":164,"column":4},"end":{"line":164,"column":54}},"64":{"start":{"line":165,"column":4},"end":{"line":165,"column":34}},"65":{"start":{"line":166,"column":4},"end":{"line":166,"column":17}},"66":{"start":{"line":171,"column":2},"end":{"line":171,"column":37}},"67":{"start":{"line":172,"column":2},"end":{"line":172,"column":57}},"68":{"start":{"line":173,"column":2},"end":{"line":173,"column":30}},"69":{"start":{"line":174,"column":2},"end":{"line":174,"column":48}},"70":{"start":{"line":178,"column":22},"end":{"line":178,"column":143}},"71":{"start":{"line":180,"column":2},"end":{"line":184,"column":4}},"72":{"start":{"line":187,"column":2},"end":{"line":191,"column":4}},"73":{"start":{"line":194,"column":24},"end":{"line":194,"column":43}},"74":{"start":{"line":197,"column":2},"end":{"line":202,"column":3}},"75":{"start":{"line":198,"column":4},"end":{"line":198,"column":22}},"76":{"start":{"line":200,"column":4},"end":{"line":200,"column":67}},"77":{"start":{"line":201,"column":4},"end":{"line":201,"column":30}},"78":{"start":{"line":205,"column":2},"end":{"line":211,"column":3}},"79":{"start":{"line":206,"column":4},"end":{"line":210,"column":6}},"80":{"start":{"line":214,"column":2},"end":{"line":214,"column":37}},"81":{"start":{"line":215,"column":2},"end":{"line":215,"column":30}},"82":{"start":{"line":216,"column":2},"end":{"line":216,"column":35}},"83":{"start":{"line":217,"column":2},"end":{"line":217,"column":54}},"84":{"start":{"line":218,"column":2},"end":{"line":218,"column":53}},"85":{"start":{"line":219,"column":2},"end":{"line":219,"column":89}},"86":{"start":{"line":220,"column":2},"end":{"line":220,"column":100}},"87":{"start":{"line":223,"column":21},"end":{"line":223,"column":56}},"88":{"start":{"line":224,"column":2},"end":{"line":224,"column":61}},"89":{"start":{"line":225,"column":2},"end":{"line":225,"column":62}},"90":{"start":{"line":228,"column":25},"end":{"line":228,"column":55}},"91":{"start":{"line":229,"column":23},"end":{"line":229,"column":56}},"92":{"start":{"line":230,"column":2},"end":{"line":230,"column":46}},"93":{"start":{"line":231,"column":2},"end":{"line":231,"column":62}},"94":{"start":{"line":234,"column":2},"end":{"line":257,"column":3}},"95":{"start":{"line":235,"column":27},"end":{"line":235,"column":72}},"96":{"start":{"line":236,"column":32},"end":{"line":236,"column":90}},"97":{"start":{"line":237,"column":15},"end":{"line":237,"column":33}},"98":{"start":{"line":240,"column":25},"end":{"line":240,"column":48}},"99":{"start":{"line":241,"column":4},"end":{"line":245,"column":5}},"100":{"start":{"line":242,"column":23},"end":{"line":242,"column":60}},"101":{"start":{"line":243,"column":6},"end":{"line":243,"column":49}},"102":{"start":{"line":244,"column":6},"end":{"line":244,"column":76}},"103":{"start":{"line":248,"column":4},"end":{"line":254,"column":5}},"104":{"start":{"line":249,"column":6},"end":{"line":249,"column":72}},"105":{"start":{"line":250,"column":6},"end":{"line":250,"column":79}},"106":{"start":{"line":252,"column":6},"end":{"line":252,"column":79}},"107":{"start":{"line":253,"column":6},"end":{"line":253,"column":101}},"108":{"start":{"line":259,"column":2},"end":{"line":259,"column":37}},"109":{"start":{"line":260,"column":2},"end":{"line":260,"column":56}},"110":{"start":{"line":261,"column":2},"end":{"line":261,"column":37}},"111":{"start":{"line":264,"column":2},"end":{"line":264,"column":50}},"112":{"start":{"line":268,"column":21},"end":{"line":272,"column":3}},"113":{"start":{"line":269,"column":4},"end":{"line":269,"column":40}},"114":{"start":{"line":269,"column":29},"end":{"line":269,"column":40}},"115":{"start":{"line":270,"column":4},"end":{"line":270,"column":40}},"116":{"start":{"line":270,"column":29},"end":{"line":270,"column":40}},"117":{"start":{"line":271,"column":4},"end":{"line":271,"column":16}},"118":{"start":{"line":274,"column":11},"end":{"line":274,"column":45}},"119":{"start":{"line":275,"column":2},"end":{"line":275,"column":49}},"120":{"start":{"line":276,"column":2},"end":{"line":276,"column":25}},"121":{"start":{"line":277,"column":2},"end":{"line":277,"column":55}},"122":{"start":{"line":278,"column":2},"end":{"line":278,"column":53}},"123":{"start":{"line":279,"column":2},"end":{"line":279,"column":92}},"124":{"start":{"line":280,"column":2},"end":{"line":280,"column":100}},"125":{"start":{"line":282,"column":2},"end":{"line":282,"column":31}},"126":{"start":{"line":283,"column":2},"end":{"line":290,"column":3}},"127":{"start":{"line":284,"column":4},"end":{"line":284,"column":104}},"128":{"start":{"line":285,"column":4},"end":{"line":289,"column":5}},"129":{"start":{"line":286,"column":6},"end":{"line":286,"column":73}},"130":{"start":{"line":287,"column":6},"end":{"line":287,"column":77}},"131":{"start":{"line":288,"column":6},"end":{"line":288,"column":92}},"132":{"start":{"line":291,"column":2},"end":{"line":291,"column":13}},"133":{"start":{"line":293,"column":2},"end":{"line":293,"column":30}},"134":{"start":{"line":294,"column":2},"end":{"line":302,"column":5}},"135":{"start":{"line":295,"column":4},"end":{"line":295,"column":47}},"136":{"start":{"line":296,"column":4},"end":{"line":296,"column":84}},"137":{"start":{"line":297,"column":4},"end":{"line":297,"column":49}},"138":{"start":{"line":298,"column":4},"end":{"line":300,"column":5}},"139":{"start":{"line":299,"column":6},"end":{"line":299,"column":43}},"140":{"start":{"line":301,"column":4},"end":{"line":301,"column":15}},"141":{"start":{"line":304,"column":2},"end":{"line":304,"column":27}},"142":{"start":{"line":305,"column":2},"end":{"line":320,"column":3}},"143":{"start":{"line":306,"column":4},"end":{"line":317,"column":7}},"144":{"start":{"line":307,"column":6},"end":{"line":307,"column":49}},"145":{"start":{"line":308,"column":6},"end":{"line":308,"column":86}},"146":{"start":{"line":309,"column":6},"end":{"line":312,"column":7}},"147":{"start":{"line":310,"column":8},"end":{"line":310,"column":84}},"148":{"start":{"line":311,"column":8},"end":{"line":311,"column":67}},"149":{"start":{"line":313,"column":6},"end":{"line":315,"column":7}},"150":{"start":{"line":314,"column":8},"end":{"line":314,"column":45}},"151":{"start":{"line":316,"column":6},"end":{"line":316,"column":17}},"152":{"start":{"line":319,"column":4},"end":{"line":319,"column":54}},"153":{"start":{"line":322,"column":2},"end":{"line":322,"column":33}},"154":{"start":{"line":323,"column":2},"end":{"line":325,"column":3}},"155":{"start":{"line":324,"column":4},"end":{"line":324,"column":91}},"156":{"start":{"line":326,"column":2},"end":{"line":328,"column":3}},"157":{"start":{"line":327,"column":4},"end":{"line":327,"column":112}},"158":{"start":{"line":329,"column":2},"end":{"line":331,"column":3}},"159":{"start":{"line":330,"column":4},"end":{"line":330,"column":77}},"160":{"start":{"line":333,"column":2},"end":{"line":333,"column":12}},"161":{"start":{"line":336,"column":0},"end":{"line":339,"column":3}},"162":{"start":{"line":337,"column":2},"end":{"line":337,"column":39}},"163":{"start":{"line":338,"column":2},"end":{"line":338,"column":18}}},"fnMap":{"0":{"name":"log","decl":{"start":{"line":39,"column":9},"end":{"line":39,"column":12}},"loc":{"start":{"line":39,"column":39},"end":{"line":41,"column":1}},"line":39},"1":{"name":"runTest","decl":{"start":{"line":43,"column":9},"end":{"line":43,"column":16}},"loc":{"start":{"line":43,"column":46},"end":{"line":89,"column":1}},"line":43},"2":{"name":"checkServerHealth","decl":{"start":{"line":91,"column":9},"end":{"line":91,"column":26}},"loc":{"start":{"line":91,"column":29},"end":{"line":121,"column":1}},"line":91},"3":{"name":"testAPIEndpoint","decl":{"start":{"line":123,"column":9},"end":{"line":123,"column":24}},"loc":{"start":{"line":123,"column":27},"end":{"line":168,"column":1}},"line":123},"4":{"name":"main","decl":{"start":{"line":170,"column":15},"end":{"line":170,"column":19}},"loc":{"start":{"line":170,"column":22},"end":{"line":265,"column":1}},"line":170},"5":{"name":"generateMarkdownReport","decl":{"start":{"line":267,"column":9},"end":{"line":267,"column":31}},"loc":{"start":{"line":267,"column":40},"end":{"line":334,"column":1}},"line":267},"6":{"name":"(anonymous_6)","decl":{"start":{"line":268,"column":21},"end":{"line":268,"column":22}},"loc":{"start":{"line":268,"column":33},"end":{"line":272,"column":3}},"line":268},"7":{"name":"(anonymous_7)","decl":{"start":{"line":294,"column":23},"end":{"line":294,"column":24}},"loc":{"start":{"line":294,"column":40},"end":{"line":302,"column":3}},"line":294},"8":{"name":"(anonymous_8)","decl":{"start":{"line":306,"column":28},"end":{"line":306,"column":29}},"loc":{"start":{"line":306,"column":45},"end":{"line":317,"column":5}},"line":306},"9":{"name":"(anonymous_9)","decl":{"start":{"line":336,"column":13},"end":{"line":336,"column":14}},"loc":{"start":{"line":336,"column":22},"end":{"line":339,"column":1}},"line":336}},"branchMap":{"0":{"loc":{"start":{"line":39,"column":22},"end":{"line":39,"column":37}},"type":"default-arg","locations":[{"start":{"line":39,"column":30},"end":{"line":39,"column":37}}],"line":39},"1":{"loc":{"start":{"line":43,"column":32},"end":{"line":43,"column":44}},"type":"default-arg","locations":[{"start":{"line":43,"column":42},"end":{"line":43,"column":44}}],"line":43},"2":{"loc":{"start":{"line":63,"column":15},"end":{"line":63,"column":39}},"type":"binary-expr","locations":[{"start":{"line":63,"column":15},"end":{"line":63,"column":30}},{"start":{"line":63,"column":34},"end":{"line":63,"column":39}}],"line":63},"3":{"loc":{"start":{"line":74,"column":49},"end":{"line":74,"column":68}},"type":"binary-expr","locations":[{"start":{"line":74,"column":49},"end":{"line":74,"column":63}},{"start":{"line":74,"column":67},"end":{"line":74,"column":68}}],"line":74},"4":{"loc":{"start":{"line":77,"column":24},"end":{"line":77,"column":58}},"type":"binary-expr","locations":[{"start":{"line":77,"column":24},"end":{"line":77,"column":36}},{"start":{"line":77,"column":40},"end":{"line":77,"column":52}},{"start":{"line":77,"column":56},"end":{"line":77,"column":58}}],"line":77},"5":{"loc":{"start":{"line":81,"column":4},"end":{"line":81,"column":50}},"type":"if","locations":[{"start":{"line":81,"column":4},"end":{"line":81,"column":50}},{"start":{},"end":{}}],"line":81},"6":{"loc":{"start":{"line":82,"column":4},"end":{"line":82,"column":50}},"type":"if","locations":[{"start":{"line":82,"column":4},"end":{"line":82,"column":50}},{"start":{},"end":{}}],"line":82},"7":{"loc":{"start":{"line":151,"column":22},"end":{"line":151,"column":48}},"type":"binary-expr","locations":[{"start":{"line":151,"column":22},"end":{"line":151,"column":43}},{"start":{"line":151,"column":47},"end":{"line":151,"column":48}}],"line":151},"8":{"loc":{"start":{"line":152,"column":16},"end":{"line":152,"column":35}},"type":"binary-expr","locations":[{"start":{"line":152,"column":16},"end":{"line":152,"column":29}},{"start":{"line":152,"column":33},"end":{"line":152,"column":35}}],"line":152},"9":{"loc":{"start":{"line":197,"column":2},"end":{"line":202,"column":3}},"type":"if","locations":[{"start":{"line":197,"column":2},"end":{"line":202,"column":3}},{"start":{"line":199,"column":9},"end":{"line":202,"column":3}}],"line":197},"10":{"loc":{"start":{"line":205,"column":2},"end":{"line":211,"column":3}},"type":"if","locations":[{"start":{"line":205,"column":2},"end":{"line":211,"column":3}},{"start":{},"end":{}}],"line":205},"11":{"loc":{"start":{"line":219,"column":44},"end":{"line":219,"column":87}},"type":"cond-expr","locations":[{"start":{"line":219,"column":72},"end":{"line":219,"column":77}},{"start":{"line":219,"column":80},"end":{"line":219,"column":87}}],"line":219},"12":{"loc":{"start":{"line":220,"column":50},"end":{"line":220,"column":98}},"type":"cond-expr","locations":[{"start":{"line":220,"column":80},"end":{"line":220,"column":88}},{"start":{"line":220,"column":91},"end":{"line":220,"column":98}}],"line":220},"13":{"loc":{"start":{"line":241,"column":4},"end":{"line":245,"column":5}},"type":"if","locations":[{"start":{"line":241,"column":4},"end":{"line":245,"column":5}},{"start":{},"end":{}}],"line":241},"14":{"loc":{"start":{"line":248,"column":4},"end":{"line":254,"column":5}},"type":"if","locations":[{"start":{"line":248,"column":4},"end":{"line":254,"column":5}},{"start":{"line":251,"column":11},"end":{"line":254,"column":5}}],"line":248},"15":{"loc":{"start":{"line":264,"column":15},"end":{"line":264,"column":48}},"type":"cond-expr","locations":[{"start":{"line":264,"column":43},"end":{"line":264,"column":44}},{"start":{"line":264,"column":47},"end":{"line":264,"column":48}}],"line":264},"16":{"loc":{"start":{"line":269,"column":4},"end":{"line":269,"column":40}},"type":"if","locations":[{"start":{"line":269,"column":4},"end":{"line":269,"column":40}},{"start":{},"end":{}}],"line":269},"17":{"loc":{"start":{"line":270,"column":4},"end":{"line":270,"column":40}},"type":"if","locations":[{"start":{"line":270,"column":4},"end":{"line":270,"column":40}},{"start":{},"end":{}}],"line":270},"18":{"loc":{"start":{"line":279,"column":50},"end":{"line":279,"column":87}},"type":"cond-expr","locations":[{"start":{"line":279,"column":78},"end":{"line":279,"column":81}},{"start":{"line":279,"column":84},"end":{"line":279,"column":87}}],"line":279},"19":{"loc":{"start":{"line":280,"column":54},"end":{"line":280,"column":93}},"type":"cond-expr","locations":[{"start":{"line":280,"column":84},"end":{"line":280,"column":88}},{"start":{"line":280,"column":91},"end":{"line":280,"column":93}}],"line":280},"20":{"loc":{"start":{"line":283,"column":2},"end":{"line":290,"column":3}},"type":"if","locations":[{"start":{"line":283,"column":2},"end":{"line":290,"column":3}},{"start":{},"end":{}}],"line":283},"21":{"loc":{"start":{"line":284,"column":27},"end":{"line":284,"column":99}},"type":"cond-expr","locations":[{"start":{"line":284,"column":70},"end":{"line":284,"column":81}},{"start":{"line":284,"column":84},"end":{"line":284,"column":99}}],"line":284},"22":{"loc":{"start":{"line":285,"column":4},"end":{"line":289,"column":5}},"type":"if","locations":[{"start":{"line":285,"column":4},"end":{"line":289,"column":5}},{"start":{},"end":{}}],"line":285},"23":{"loc":{"start":{"line":288,"column":36},"end":{"line":288,"column":87}},"type":"cond-expr","locations":[{"start":{"line":288,"column":78},"end":{"line":288,"column":81}},{"start":{"line":288,"column":84},"end":{"line":288,"column":87}}],"line":288},"24":{"loc":{"start":{"line":298,"column":4},"end":{"line":300,"column":5}},"type":"if","locations":[{"start":{"line":298,"column":4},"end":{"line":300,"column":5}},{"start":{},"end":{}}],"line":298},"25":{"loc":{"start":{"line":305,"column":2},"end":{"line":320,"column":3}},"type":"if","locations":[{"start":{"line":305,"column":2},"end":{"line":320,"column":3}},{"start":{"line":318,"column":9},"end":{"line":320,"column":3}}],"line":305},"26":{"loc":{"start":{"line":309,"column":6},"end":{"line":312,"column":7}},"type":"if","locations":[{"start":{"line":309,"column":6},"end":{"line":312,"column":7}},{"start":{},"end":{}}],"line":309},"27":{"loc":{"start":{"line":313,"column":6},"end":{"line":315,"column":7}},"type":"if","locations":[{"start":{"line":313,"column":6},"end":{"line":315,"column":7}},{"start":{},"end":{}}],"line":313},"28":{"loc":{"start":{"line":323,"column":2},"end":{"line":325,"column":3}},"type":"if","locations":[{"start":{"line":323,"column":2},"end":{"line":325,"column":3}},{"start":{},"end":{}}],"line":323},"29":{"loc":{"start":{"line":326,"column":2},"end":{"line":328,"column":3}},"type":"if","locations":[{"start":{"line":326,"column":2},"end":{"line":328,"column":3}},{"start":{},"end":{}}],"line":326},"30":{"loc":{"start":{"line":329,"column":2},"end":{"line":331,"column":3}},"type":"if","locations":[{"start":{"line":329,"column":2},"end":{"line":331,"column":3}},{"start":{},"end":{}}],"line":329},"31":{"loc":{"start":{"line":329,"column":6},"end":{"line":329,"column":78}},"type":"binary-expr","locations":[{"start":{"line":329,"column":6},"end":{"line":329,"column":33}},{"start":{"line":329,"column":37},"end":{"line":329,"column":78}}],"line":329}},"s":{"0":0,"1":0,"2":0,"3":0,"4":0,"5":0,"6":0,"7":0,"8":0,"9":0,"10":0,"11":0,"12":0,"13":0,"14":0,"15":0,"16":0,"17":0,"18":0,"19":0,"20":0,"21":0,"22":0,"23":0,"24":0,"25":0,"26":0,"27":0,"28":0,"29":0,"30":0,"31":0,"32":0,"33":0,"34":0,"35":0,"36":0,"37":0,"38":0,"39":0,"40":0,"41":0,"42":0,"43":0,"44":0,"45":0,"46":0,"47":0,"48":0,"49":0,"50":0,"51":0,"52":0,"53":0,"54":0,"55":0,"56":0,"57":0,"58":0,"59":0,"60":0,"61":0,"62":0,"63":0,"64":0,"65":0,"66":0,"67":0,"68":0,"69":0,"70":0,"71":0,"72":0,"73":0,"74":0,"75":0,"76":0,"77":0,"78":0,"79":0,"80":0,"81":0,"82":0,"83":0,"84":0,"85":0,"86":0,"87":0,"88":0,"89":0,"90":0,"91":0,"92":0,"93":0,"94":0,"95":0,"96":0,"97":0,"98":0,"99":0,"100":0,"101":0,"102":0,"103":0,"104":0,"105":0,"106":0,"107":0,"108":0,"109":0,"110":0,"111":0,"112":0,"113":0,"114":0,"115":0,"116":0,"117":0,"118":0,"119":0,"120":0,"121":0,"122":0,"123":0,"124":0,"125":0,"126":0,"127":0,"128":0,"129":0,"130":0,"131":0,"132":0,"133":0,"134":0,"135":0,"136":0,"137":0,"138":0,"139":0,"140":0,"141":0,"142":0,"143":0,"144":0,"145":0,"146":0,"147":0,"148":0,"149":0,"150":0,"151":0,"152":0,"153":0,"154":0,"155":0,"156":0,"157":0,"158":0,"159":0,"160":0,"161":0,"162":0,"163":0},"f":{"0":0,"1":0,"2":0,"3":0,"4":0,"5":0,"6":0,"7":0,"8":0,"9":0},"b":{"0":[0],"1":[0],"2":[0,0],"3":[0,0],"4":[0,0,0],"5":[0,0],"6":[0,0],"7":[0,0],"8":[0,0],"9":[0,0],"10":[0,0],"11":[0,0],"12":[0,0],"13":[0,0],"14":[0,0],"15":[0,0],"16":[0,0],"17":[0,0],"18":[0,0],"19":[0,0],"20":[0,0],"21":[0,0],"22":[0,0],"23":[0,0],"24":[0,0],"25":[0,0],"26":[0,0],"27":[0,0],"28":[0,0],"29":[0,0],"30":[0,0],"31":[0,0]},"inputSourceMap":null}
,"/Users/eupirate/Desktop/Cloud/my_site_3_bot_maya_repo/Maya/backend/server.example.js": {"path":"/Users/eupirate/Desktop/Cloud/my_site_3_bot_maya_repo/Maya/backend/server.example.js","statementMap":{"0":{"start":{"line":18,"column":12},"end":{"line":18,"column":21}},"1":{"start":{"line":21,"column":0},"end":{"line":23,"column":1}},"2":{"start":{"line":22,"column":2},"end":{"line":22,"column":28}},"3":{"start":{"line":26,"column":0},"end":{"line":26,"column":25}},"4":{"start":{"line":27,"column":0},"end":{"line":27,"column":31}},"5":{"start":{"line":30,"column":0},"end":{"line":30,"column":24}},"6":{"start":{"line":33,"column":0},"end":{"line":33,"column":56}},"7":{"start":{"line":34,"column":0},"end":{"line":34,"column":78}},"8":{"start":{"line":37,"column":0},"end":{"line":37,"column":29}},"9":{"start":{"line":40,"column":0},"end":{"line":40,"column":18}},"10":{"start":{"line":43,"column":0},"end":{"line":49,"column":3}},"11":{"start":{"line":44,"column":2},"end":{"line":48,"column":5}},"12":{"start":{"line":52,"column":0},"end":{"line":52,"column":28}},"13":{"start":{"line":55,"column":0},"end":{"line":74,"column":2}},"14":{"start":{"line":60,"column":43},"end":{"line":60,"column":56}},"15":{"start":{"line":63,"column":4},"end":{"line":65,"column":5}},"16":{"start":{"line":64,"column":6},"end":{"line":64,"column":46}},"17":{"start":{"line":69,"column":4},"end":{"line":72,"column":7}},"18":{"start":{"line":77,"column":0},"end":{"line":77,"column":25}},"19":{"start":{"line":80,"column":0},"end":{"line":80,"column":26}},"20":{"start":{"line":81,"column":0},"end":{"line":81,"column":22}},"21":{"start":{"line":84,"column":13},"end":{"line":84,"column":24}},"22":{"start":{"line":85,"column":0},"end":{"line":91,"column":3}},"23":{"start":{"line":86,"column":2},"end":{"line":90,"column":5}}},"fnMap":{"0":{"name":"(anonymous_0)","decl":{"start":{"line":43,"column":19},"end":{"line":43,"column":20}},"loc":{"start":{"line":43,"column":33},"end":{"line":49,"column":1}},"line":43},"1":{"name":"(anonymous_1)","decl":{"start":{"line":58,"column":15},"end":{"line":58,"column":16}},"loc":{"start":{"line":58,"column":35},"end":{"line":73,"column":3}},"line":58},"2":{"name":"(anonymous_2)","decl":{"start":{"line":85,"column":17},"end":{"line":85,"column":18}},"loc":{"start":{"line":85,"column":23},"end":{"line":91,"column":1}},"line":85}},"branchMap":{"0":{"loc":{"start":{"line":21,"column":0},"end":{"line":23,"column":1}},"type":"if","locations":[{"start":{"line":21,"column":0},"end":{"line":23,"column":1}},{"start":{},"end":{}}],"line":21},"1":{"loc":{"start":{"line":63,"column":4},"end":{"line":65,"column":5}},"type":"if","locations":[{"start":{"line":63,"column":4},"end":{"line":65,"column":5}},{"start":{},"end":{}}],"line":63},"2":{"loc":{"start":{"line":63,"column":8},"end":{"line":63,"column":39}},"type":"binary-expr","locations":[{"start":{"line":63,"column":8},"end":{"line":63,"column":16}},{"start":{"line":63,"column":20},"end":{"line":63,"column":39}}],"line":63},"3":{"loc":{"start":{"line":71,"column":16},"end":{"line":71,"column":30}},"type":"binary-expr","locations":[{"start":{"line":71,"column":16},"end":{"line":71,"column":24}},{"start":{"line":71,"column":28},"end":{"line":71,"column":30}}],"line":71}},"s":{"0":0,"1":0,"2":0,"3":0,"4":0,"5":0,"6":0,"7":0,"8":0,"9":0,"10":0,"11":0,"12":0,"13":0,"14":0,"15":0,"16":0,"17":0,"18":0,"19":0,"20":0,"21":0,"22":0,"23":0},"f":{"0":0,"1":0,"2":0},"b":{"0":[0,0],"1":[0,0],"2":[0,0],"3":[0,0]},"inputSourceMap":null}
,"/Users/eupirate/Desktop/Cloud/my_site_3_bot_maya_repo/Maya/backend/server.js": {"path":"/Users/eupirate/Desktop/Cloud/my_site_3_bot_maya_repo/Maya/backend/server.js","statementMap":{"0":{"start":{"line":22,"column":18},"end":{"line":22,"column":33}},"1":{"start":{"line":24,"column":20},"end":{"line":24,"column":24}},"2":{"start":{"line":25,"column":22},"end":{"line":25,"column":26}},"3":{"start":{"line":27,"column":19},"end":{"line":27,"column":49}},"4":{"start":{"line":28,"column":18},"end":{"line":28,"column":37}},"5":{"start":{"line":30,"column":12},"end":{"line":30,"column":21}},"6":{"start":{"line":33,"column":0},"end":{"line":35,"column":1}},"7":{"start":{"line":34,"column":2},"end":{"line":34,"column":28}},"8":{"start":{"line":38,"column":0},"end":{"line":38,"column":25}},"9":{"start":{"line":39,"column":0},"end":{"line":39,"column":31}},"10":{"start":{"line":42,"column":0},"end":{"line":42,"column":24}},"11":{"start":{"line":47,"column":21},"end":{"line":47,"column":51}},"12":{"start":{"line":50,"column":0},"end":{"line":57,"column":3}},"13":{"start":{"line":51,"column":2},"end":{"line":55,"column":3}},"14":{"start":{"line":53,"column":22},"end":{"line":53,"column":43}},"15":{"start":{"line":54,"column":4},"end":{"line":54,"column":109}},"16":{"start":{"line":56,"column":2},"end":{"line":56,"column":9}},"17":{"start":{"line":59,"column":0},"end":{"line":59,"column":38}},"18":{"start":{"line":62,"column":0},"end":{"line":62,"column":56}},"19":{"start":{"line":63,"column":0},"end":{"line":63,"column":78}},"20":{"start":{"line":66,"column":0},"end":{"line":66,"column":29}},"21":{"start":{"line":69,"column":0},"end":{"line":69,"column":18}},"22":{"start":{"line":71,"column":0},"end":{"line":71,"column":32}},"23":{"start":{"line":74,"column":16},"end":{"line":74,"column":20}},"24":{"start":{"line":81,"column":2},"end":{"line":83,"column":3}},"25":{"start":{"line":82,"column":4},"end":{"line":82,"column":21}},"26":{"start":{"line":85,"column":2},"end":{"line":111,"column":3}},"27":{"start":{"line":87,"column":4},"end":{"line":95,"column":5}},"28":{"start":{"line":88,"column":6},"end":{"line":88,"column":51}},"29":{"start":{"line":89,"column":46},"end":{"line":89,"column":80}},"30":{"start":{"line":90,"column":6},"end":{"line":93,"column":8}},"31":{"start":{"line":94,"column":6},"end":{"line":94,"column":52}},"32":{"start":{"line":97,"column":4},"end":{"line":105,"column":5}},"33":{"start":{"line":98,"column":6},"end":{"line":98,"column":49}},"34":{"start":{"line":99,"column":6},"end":{"line":99,"column":38}},"35":{"start":{"line":100,"column":6},"end":{"line":100,"column":65}},"36":{"start":{"line":102,"column":6},"end":{"line":104,"column":9}},"37":{"start":{"line":103,"column":8},"end":{"line":103,"column":88}},"38":{"start":{"line":107,"column":4},"end":{"line":107,"column":21}},"39":{"start":{"line":109,"column":4},"end":{"line":109,"column":54}},"40":{"start":{"line":110,"column":4},"end":{"line":110,"column":16}},"41":{"start":{"line":114,"column":0},"end":{"line":114,"column":47}},"42":{"start":{"line":117,"column":0},"end":{"line":139,"column":3}},"43":{"start":{"line":120,"column":17},"end":{"line":120,"column":26}},"44":{"start":{"line":123,"column":17},"end":{"line":123,"column":21}},"45":{"start":{"line":124,"column":2},"end":{"line":130,"column":3}},"46":{"start":{"line":125,"column":4},"end":{"line":129,"column":5}},"47":{"start":{"line":126,"column":6},"end":{"line":126,"column":44}},"48":{"start":{"line":132,"column":2},"end":{"line":138,"column":5}},"49":{"start":{"line":142,"column":0},"end":{"line":161,"column":4}},"50":{"start":{"line":143,"column":17},"end":{"line":143,"column":37}},"51":{"start":{"line":144,"column":2},"end":{"line":149,"column":3}},"52":{"start":{"line":145,"column":4},"end":{"line":148,"column":7}},"53":{"start":{"line":151,"column":17},"end":{"line":151,"column":43}},"54":{"start":{"line":154,"column":2},"end":{"line":160,"column":5}},"55":{"start":{"line":165,"column":26},"end":{"line":165,"column":28}},"56":{"start":{"line":167,"column":2},"end":{"line":175,"column":3}},"57":{"start":{"line":168,"column":4},"end":{"line":173,"column":7}},"58":{"start":{"line":174,"column":4},"end":{"line":174,"column":27}},"59":{"start":{"line":178,"column":2},"end":{"line":185,"column":3}},"60":{"start":{"line":179,"column":4},"end":{"line":184,"column":7}},"61":{"start":{"line":188,"column":2},"end":{"line":198,"column":3}},"62":{"start":{"line":189,"column":23},"end":{"line":189,"column":65}},"63":{"start":{"line":190,"column":4},"end":{"line":197,"column":5}},"64":{"start":{"line":191,"column":6},"end":{"line":196,"column":9}},"65":{"start":{"line":201,"column":18},"end":{"line":201,"column":54}},"66":{"start":{"line":202,"column":2},"end":{"line":209,"column":3}},"67":{"start":{"line":203,"column":4},"end":{"line":208,"column":7}},"68":{"start":{"line":211,"column":2},"end":{"line":211,"column":25}},"69":{"start":{"line":215,"column":0},"end":{"line":395,"column":4}},"70":{"start":{"line":216,"column":2},"end":{"line":216,"column":44}},"71":{"start":{"line":219,"column":22},"end":{"line":219,"column":28}},"72":{"start":{"line":221,"column":2},"end":{"line":394,"column":3}},"73":{"start":{"line":223,"column":24},"end":{"line":223,"column":84}},"74":{"start":{"line":225,"column":4},"end":{"line":225,"column":45}},"75":{"start":{"line":228,"column":31},"end":{"line":232,"column":6}},"76":{"start":{"line":235,"column":15},"end":{"line":235,"column":33}},"77":{"start":{"line":236,"column":24},"end":{"line":236,"column":69}},"78":{"start":{"line":237,"column":22},"end":{"line":237,"column":26}},"79":{"start":{"line":239,"column":4},"end":{"line":246,"column":5}},"80":{"start":{"line":240,"column":6},"end":{"line":245,"column":7}},"81":{"start":{"line":241,"column":28},"end":{"line":241,"column":65}},"82":{"start":{"line":242,"column":8},"end":{"line":242,"column":46}},"83":{"start":{"line":244,"column":8},"end":{"line":244,"column":61}},"84":{"start":{"line":248,"column":19},"end":{"line":248,"column":51}},"85":{"start":{"line":249,"column":19},"end":{"line":249,"column":51}},"86":{"start":{"line":250,"column":18},"end":{"line":250,"column":49}},"87":{"start":{"line":252,"column":4},"end":{"line":252,"column":76}},"88":{"start":{"line":255,"column":28},"end":{"line":255,"column":72}},"89":{"start":{"line":256,"column":28},"end":{"line":256,"column":88}},"90":{"start":{"line":257,"column":29},"end":{"line":257,"column":82}},"91":{"start":{"line":259,"column":4},"end":{"line":272,"column":7}},"92":{"start":{"line":274,"column":4},"end":{"line":274,"column":45}},"93":{"start":{"line":277,"column":4},"end":{"line":284,"column":5}},"94":{"start":{"line":278,"column":6},"end":{"line":283,"column":9}},"95":{"start":{"line":287,"column":28},"end":{"line":287,"column":66}},"96":{"start":{"line":288,"column":28},"end":{"line":288,"column":66}},"97":{"start":{"line":291,"column":23},"end":{"line":298,"column":5}},"98":{"start":{"line":301,"column":22},"end":{"line":301,"column":55}},"99":{"start":{"line":302,"column":25},"end":{"line":302,"column":27}},"100":{"start":{"line":303,"column":21},"end":{"line":303,"column":23}},"101":{"start":{"line":304,"column":19},"end":{"line":304,"column":21}},"102":{"start":{"line":307,"column":24},"end":{"line":307,"column":43}},"103":{"start":{"line":308,"column":24},"end":{"line":308,"column":60}},"104":{"start":{"line":309,"column":4},"end":{"line":313,"column":7}},"105":{"start":{"line":310,"column":6},"end":{"line":312,"column":7}},"106":{"start":{"line":311,"column":8},"end":{"line":311,"column":43}},"107":{"start":{"line":316,"column":22},"end":{"line":319,"column":6}},"108":{"start":{"line":317,"column":22},"end":{"line":317,"column":33}},"109":{"start":{"line":318,"column":6},"end":{"line":318,"column":75}},"110":{"start":{"line":320,"column":4},"end":{"line":322,"column":7}},"111":{"start":{"line":321,"column":6},"end":{"line":321,"column":37}},"112":{"start":{"line":325,"column":28},"end":{"line":325,"column":47}},"113":{"start":{"line":326,"column":28},"end":{"line":326,"column":68}},"114":{"start":{"line":327,"column":4},"end":{"line":334,"column":7}},"115":{"start":{"line":328,"column":6},"end":{"line":333,"column":7}},"116":{"start":{"line":329,"column":25},"end":{"line":329,"column":40}},"117":{"start":{"line":330,"column":8},"end":{"line":332,"column":9}},"118":{"start":{"line":330,"column":36},"end":{"line":330,"column":56}},"119":{"start":{"line":331,"column":10},"end":{"line":331,"column":54}},"120":{"start":{"line":337,"column":27},"end":{"line":337,"column":65}},"121":{"start":{"line":338,"column":25},"end":{"line":343,"column":6}},"122":{"start":{"line":339,"column":22},"end":{"line":339,"column":33}},"123":{"start":{"line":340,"column":6},"end":{"line":342,"column":41}},"124":{"start":{"line":344,"column":4},"end":{"line":350,"column":7}},"125":{"start":{"line":345,"column":22},"end":{"line":345,"column":33}},"126":{"start":{"line":347,"column":6},"end":{"line":349,"column":7}},"127":{"start":{"line":347,"column":30},"end":{"line":347,"column":66}},"128":{"start":{"line":348,"column":8},"end":{"line":348,"column":31}},"129":{"start":{"line":355,"column":4},"end":{"line":355,"column":22}},"130":{"start":{"line":359,"column":4},"end":{"line":361,"column":5}},"131":{"start":{"line":360,"column":6},"end":{"line":360,"column":43}},"132":{"start":{"line":362,"column":4},"end":{"line":364,"column":5}},"133":{"start":{"line":363,"column":6},"end":{"line":363,"column":44}},"134":{"start":{"line":365,"column":4},"end":{"line":367,"column":5}},"135":{"start":{"line":366,"column":6},"end":{"line":366,"column":42}},"136":{"start":{"line":371,"column":34},"end":{"line":375,"column":6}},"137":{"start":{"line":372,"column":24},"end":{"line":372,"column":45}},"138":{"start":{"line":374,"column":6},"end":{"line":374,"column":85}},"139":{"start":{"line":377,"column":30},"end":{"line":377,"column":32}},"140":{"start":{"line":379,"column":35},"end":{"line":382,"column":6}},"141":{"start":{"line":380,"column":24},"end":{"line":380,"column":45}},"142":{"start":{"line":381,"column":6},"end":{"line":381,"column":85}},"143":{"start":{"line":384,"column":4},"end":{"line":393,"column":7}},"144":{"start":{"line":398,"column":0},"end":{"line":416,"column":4}},"145":{"start":{"line":399,"column":17},"end":{"line":399,"column":37}},"146":{"start":{"line":400,"column":2},"end":{"line":405,"column":3}},"147":{"start":{"line":401,"column":4},"end":{"line":404,"column":7}},"148":{"start":{"line":407,"column":2},"end":{"line":407,"column":42}},"149":{"start":{"line":408,"column":21},"end":{"line":408,"column":52}},"150":{"start":{"line":410,"column":2},"end":{"line":415,"column":5}},"151":{"start":{"line":419,"column":0},"end":{"line":419,"column":28}},"152":{"start":{"line":422,"column":0},"end":{"line":478,"column":2}},"153":{"start":{"line":427,"column":43},"end":{"line":427,"column":56}},"154":{"start":{"line":430,"column":4},"end":{"line":432,"column":5}},"155":{"start":{"line":431,"column":6},"end":{"line":431,"column":46}},"156":{"start":{"line":435,"column":19},"end":{"line":435,"column":39}},"157":{"start":{"line":436,"column":4},"end":{"line":441,"column":5}},"158":{"start":{"line":437,"column":6},"end":{"line":440,"column":9}},"159":{"start":{"line":443,"column":4},"end":{"line":453,"column":5}},"160":{"start":{"line":444,"column":6},"end":{"line":452,"column":7}},"161":{"start":{"line":445,"column":8},"end":{"line":445,"column":31}},"162":{"start":{"line":447,"column":8},"end":{"line":447,"column":59}},"163":{"start":{"line":448,"column":8},"end":{"line":451,"column":11}},"164":{"start":{"line":455,"column":4},"end":{"line":476,"column":5}},"165":{"start":{"line":457,"column":21},"end":{"line":457,"column":56}},"166":{"start":{"line":460,"column":6},"end":{"line":463,"column":9}},"167":{"start":{"line":465,"column":6},"end":{"line":470,"column":9}},"168":{"start":{"line":471,"column":6},"end":{"line":475,"column":9}},"169":{"start":{"line":481,"column":0},"end":{"line":481,"column":25}},"170":{"start":{"line":484,"column":0},"end":{"line":484,"column":26}},"171":{"start":{"line":485,"column":0},"end":{"line":485,"column":22}},"172":{"start":{"line":488,"column":0},"end":{"line":495,"column":3}},"173":{"start":{"line":489,"column":2},"end":{"line":489,"column":59}},"174":{"start":{"line":490,"column":17},"end":{"line":490,"column":37}},"175":{"start":{"line":491,"column":2},"end":{"line":493,"column":3}},"176":{"start":{"line":492,"column":4},"end":{"line":492,"column":25}},"177":{"start":{"line":494,"column":2},"end":{"line":494,"column":18}},"178":{"start":{"line":497,"column":0},"end":{"line":504,"column":3}},"179":{"start":{"line":498,"column":2},"end":{"line":498,"column":58}},"180":{"start":{"line":499,"column":17},"end":{"line":499,"column":37}},"181":{"start":{"line":500,"column":2},"end":{"line":502,"column":3}},"182":{"start":{"line":501,"column":4},"end":{"line":501,"column":25}},"183":{"start":{"line":503,"column":2},"end":{"line":503,"column":18}},"184":{"start":{"line":507,"column":0},"end":{"line":507,"column":36}},"185":{"start":{"line":508,"column":13},"end":{"line":508,"column":24}},"186":{"start":{"line":509,"column":0},"end":{"line":509,"column":49}},"187":{"start":{"line":510,"column":0},"end":{"line":518,"column":3}},"188":{"start":{"line":511,"column":2},"end":{"line":515,"column":5}},"189":{"start":{"line":516,"column":2},"end":{"line":516,"column":71}},"190":{"start":{"line":517,"column":2},"end":{"line":517,"column":59}},"191":{"start":{"line":520,"column":0},"end":{"line":520,"column":61}}},"fnMap":{"0":{"name":"(anonymous_0)","decl":{"start":{"line":50,"column":8},"end":{"line":50,"column":9}},"loc":{"start":{"line":50,"column":28},"end":{"line":57,"column":1}},"line":50},"1":{"name":"getMCPClient","decl":{"start":{"line":80,"column":15},"end":{"line":80,"column":27}},"loc":{"start":{"line":80,"column":30},"end":{"line":112,"column":1}},"line":80},"2":{"name":"(anonymous_2)","decl":{"start":{"line":102,"column":32},"end":{"line":102,"column":33}},"loc":{"start":{"line":102,"column":39},"end":{"line":104,"column":7}},"line":102},"3":{"name":"(anonymous_3)","decl":{"start":{"line":117,"column":19},"end":{"line":117,"column":20}},"loc":{"start":{"line":117,"column":39},"end":{"line":139,"column":1}},"line":117},"4":{"name":"(anonymous_4)","decl":{"start":{"line":142,"column":39},"end":{"line":142,"column":40}},"loc":{"start":{"line":142,"column":59},"end":{"line":161,"column":1}},"line":142},"5":{"name":"generateCacheRecommendations","decl":{"start":{"line":164,"column":9},"end":{"line":164,"column":37}},"loc":{"start":{"line":164,"column":45},"end":{"line":212,"column":1}},"line":164},"6":{"name":"(anonymous_6)","decl":{"start":{"line":215,"column":46},"end":{"line":215,"column":47}},"loc":{"start":{"line":215,"column":66},"end":{"line":395,"column":1}},"line":215},"7":{"name":"(anonymous_7)","decl":{"start":{"line":309,"column":24},"end":{"line":309,"column":25}},"loc":{"start":{"line":309,"column":33},"end":{"line":313,"column":5}},"line":309},"8":{"name":"(anonymous_8)","decl":{"start":{"line":316,"column":51},"end":{"line":316,"column":52}},"loc":{"start":{"line":316,"column":59},"end":{"line":319,"column":5}},"line":316},"9":{"name":"(anonymous_9)","decl":{"start":{"line":320,"column":22},"end":{"line":320,"column":23}},"loc":{"start":{"line":320,"column":30},"end":{"line":322,"column":5}},"line":320},"10":{"name":"(anonymous_10)","decl":{"start":{"line":327,"column":28},"end":{"line":327,"column":29}},"loc":{"start":{"line":327,"column":37},"end":{"line":334,"column":5}},"line":327},"11":{"name":"(anonymous_11)","decl":{"start":{"line":330,"column":31},"end":{"line":330,"column":32}},"loc":{"start":{"line":330,"column":36},"end":{"line":330,"column":56}},"line":330},"12":{"name":"(anonymous_12)","decl":{"start":{"line":338,"column":54},"end":{"line":338,"column":55}},"loc":{"start":{"line":338,"column":62},"end":{"line":343,"column":5}},"line":338},"13":{"name":"(anonymous_13)","decl":{"start":{"line":344,"column":25},"end":{"line":344,"column":26}},"loc":{"start":{"line":344,"column":33},"end":{"line":350,"column":5}},"line":344},"14":{"name":"(anonymous_14)","decl":{"start":{"line":347,"column":25},"end":{"line":347,"column":26}},"loc":{"start":{"line":347,"column":30},"end":{"line":347,"column":66}},"line":347},"15":{"name":"(anonymous_15)","decl":{"start":{"line":371,"column":63},"end":{"line":371,"column":64}},"loc":{"start":{"line":371,"column":68},"end":{"line":375,"column":5}},"line":371},"16":{"name":"(anonymous_16)","decl":{"start":{"line":379,"column":58},"end":{"line":379,"column":59}},"loc":{"start":{"line":379,"column":63},"end":{"line":382,"column":5}},"line":379},"17":{"name":"(anonymous_17)","decl":{"start":{"line":398,"column":47},"end":{"line":398,"column":48}},"loc":{"start":{"line":398,"column":67},"end":{"line":416,"column":1}},"line":398},"18":{"name":"(anonymous_18)","decl":{"start":{"line":425,"column":15},"end":{"line":425,"column":16}},"loc":{"start":{"line":425,"column":35},"end":{"line":477,"column":3}},"line":425},"19":{"name":"(anonymous_19)","decl":{"start":{"line":488,"column":22},"end":{"line":488,"column":23}},"loc":{"start":{"line":488,"column":34},"end":{"line":495,"column":1}},"line":488},"20":{"name":"(anonymous_20)","decl":{"start":{"line":497,"column":21},"end":{"line":497,"column":22}},"loc":{"start":{"line":497,"column":33},"end":{"line":504,"column":1}},"line":497},"21":{"name":"(anonymous_21)","decl":{"start":{"line":510,"column":17},"end":{"line":510,"column":18}},"loc":{"start":{"line":510,"column":23},"end":{"line":518,"column":1}},"line":510}},"branchMap":{"0":{"loc":{"start":{"line":33,"column":0},"end":{"line":35,"column":1}},"type":"if","locations":[{"start":{"line":33,"column":0},"end":{"line":35,"column":1}},{"start":{},"end":{}}],"line":33},"1":{"loc":{"start":{"line":51,"column":2},"end":{"line":55,"column":3}},"type":"if","locations":[{"start":{"line":51,"column":2},"end":{"line":55,"column":3}},{"start":{},"end":{}}],"line":51},"2":{"loc":{"start":{"line":51,"column":6},"end":{"line":51,"column":51}},"type":"binary-expr","locations":[{"start":{"line":51,"column":6},"end":{"line":51,"column":28}},{"start":{"line":51,"column":32},"end":{"line":51,"column":51}}],"line":51},"3":{"loc":{"start":{"line":54,"column":42},"end":{"line":54,"column":106}},"type":"cond-expr","locations":[{"start":{"line":54,"column":54},"end":{"line":54,"column":101}},{"start":{"line":54,"column":104},"end":{"line":54,"column":106}}],"line":54},"4":{"loc":{"start":{"line":81,"column":2},"end":{"line":83,"column":3}},"type":"if","locations":[{"start":{"line":81,"column":2},"end":{"line":83,"column":3}},{"start":{},"end":{}}],"line":81},"5":{"loc":{"start":{"line":87,"column":4},"end":{"line":95,"column":5}},"type":"if","locations":[{"start":{"line":87,"column":4},"end":{"line":95,"column":5}},{"start":{},"end":{}}],"line":87},"6":{"loc":{"start":{"line":97,"column":4},"end":{"line":105,"column":5}},"type":"if","locations":[{"start":{"line":97,"column":4},"end":{"line":105,"column":5}},{"start":{},"end":{}}],"line":97},"7":{"loc":{"start":{"line":97,"column":8},"end":{"line":97,"column":35}},"type":"binary-expr","locations":[{"start":{"line":97,"column":8},"end":{"line":97,"column":18}},{"start":{"line":97,"column":22},"end":{"line":97,"column":35}}],"line":97},"8":{"loc":{"start":{"line":124,"column":2},"end":{"line":130,"column":3}},"type":"if","locations":[{"start":{"line":124,"column":2},"end":{"line":130,"column":3}},{"start":{},"end":{}}],"line":124},"9":{"loc":{"start":{"line":124,"column":6},"end":{"line":124,"column":56}},"type":"binary-expr","locations":[{"start":{"line":124,"column":6},"end":{"line":124,"column":12}},{"start":{"line":124,"column":16},"end":{"line":124,"column":56}}],"line":124},"10":{"loc":{"start":{"line":136,"column":18},"end":{"line":136,"column":44}},"type":"binary-expr","locations":[{"start":{"line":136,"column":18},"end":{"line":136,"column":35}},{"start":{"line":136,"column":39},"end":{"line":136,"column":44}}],"line":136},"11":{"loc":{"start":{"line":137,"column":8},"end":{"line":137,"column":47}},"type":"binary-expr","locations":[{"start":{"line":137,"column":8},"end":{"line":137,"column":16}},{"start":{"line":137,"column":20},"end":{"line":137,"column":47}}],"line":137},"12":{"loc":{"start":{"line":144,"column":2},"end":{"line":149,"column":3}},"type":"if","locations":[{"start":{"line":144,"column":2},"end":{"line":149,"column":3}},{"start":{},"end":{}}],"line":144},"13":{"loc":{"start":{"line":144,"column":6},"end":{"line":144,"column":57}},"type":"binary-expr","locations":[{"start":{"line":144,"column":6},"end":{"line":144,"column":13}},{"start":{"line":144,"column":17},"end":{"line":144,"column":57}}],"line":144},"14":{"loc":{"start":{"line":167,"column":2},"end":{"line":175,"column":3}},"type":"if","locations":[{"start":{"line":167,"column":2},"end":{"line":175,"column":3}},{"start":{},"end":{}}],"line":167},"15":{"loc":{"start":{"line":178,"column":2},"end":{"line":185,"column":3}},"type":"if","locations":[{"start":{"line":178,"column":2},"end":{"line":185,"column":3}},{"start":{},"end":{}}],"line":178},"16":{"loc":{"start":{"line":188,"column":2},"end":{"line":198,"column":3}},"type":"if","locations":[{"start":{"line":188,"column":2},"end":{"line":198,"column":3}},{"start":{},"end":{}}],"line":188},"17":{"loc":{"start":{"line":190,"column":4},"end":{"line":197,"column":5}},"type":"if","locations":[{"start":{"line":190,"column":4},"end":{"line":197,"column":5}},{"start":{},"end":{}}],"line":190},"18":{"loc":{"start":{"line":202,"column":2},"end":{"line":209,"column":3}},"type":"if","locations":[{"start":{"line":202,"column":2},"end":{"line":209,"column":3}},
[...]
mn":34},"end":{"line":350,"column":1}},"line":348},"21":{"name":"getKBCacheMemoryUsage","decl":{"start":{"line":352,"column":16},"end":{"line":352,"column":37}},"loc":{"start":{"line":352,"column":40},"end":{"line":354,"column":1}},"line":352},"22":{"name":"validateKBCache","decl":{"start":{"line":356,"column":16},"end":{"line":356,"column":31}},"loc":{"start":{"line":356,"column":34},"end":{"line":358,"column":1}},"line":356}},"branchMap":{"0":{"loc":{"start":{"line":24,"column":27},"end":{"line":24,"column":69}},"type":"binary-expr","locations":[{"start":{"line":24,"column":27},"end":{"line":24,"column":56}},{"start":{"line":24,"column":60},"end":{"line":24,"column":69}}],"line":24},"1":{"loc":{"start":{"line":27,"column":22},"end":{"line":27,"column":56}},"type":"binary-expr","locations":[{"start":{"line":27,"column":22},"end":{"line":27,"column":46}},{"start":{"line":27,"column":50},"end":{"line":27,"column":56}}],"line":27},"2":{"loc":{"start":{"line":40,"column":23},"end":{"line":40,"column":36}},"type":"default-arg","locations":[{"start":{"line":40,"column":34},"end":{"line":40,"column":36}}],"line":40},"3":{"loc":{"start":{"line":48,"column":21},"end":{"line":48,"column":48}},"type":"binary-expr","locations":[{"start":{"line":48,"column":21},"end":{"line":48,"column":43}},{"start":{"line":48,"column":47},"end":{"line":48,"column":48}}],"line":48},"4":{"loc":{"start":{"line":49,"column":14},"end":{"line":49,"column":40}},"type":"binary-expr","locations":[{"start":{"line":49,"column":14},"end":{"line":49,"column":29}},{"start":{"line":49,"column":33},"end":{"line":49,"column":40}}],"line":49},"5":{"loc":{"start":{"line":61,"column":4},"end":{"line":63,"column":5}},"type":"if","locations":[{"start":{"line":61,"column":4},"end":{"line":63,"column":5}},{"start":{},"end":{}}],"line":61},"6":{"loc":{"start":{"line":66,"column":4},"end":{"line":71,"column":5}},"type":"if","locations":[{"start":{"line":66,"column":4},"end":{"line":71,"column":5}},{"start":{},"end":{}}],"line":66},"7":{"loc":{"start":{"line":68,"column":6},"end":{"line":70,"column":7}},"type":"if","locations":[{"start":{"line":68,"column":6},"end":{"line":70,"column":7}},{"start":{},"end":{}}],"line":68},"8":{"loc":{"start":{"line":111,"column":12},"end":{"line":111,"column":32}},"type":"default-arg","locations":[{"start":{"line":111,"column":27},"end":{"line":111,"column":32}}],"line":111},"9":{"loc":{"start":{"line":113,"column":4},"end":{"line":115,"column":5}},"type":"if","locations":[{"start":{"line":113,"column":4},"end":{"line":115,"column":5}},{"start":{},"end":{}}],"line":113},"10":{"loc":{"start":{"line":118,"column":4},"end":{"line":126,"column":5}},"type":"if","locations":[{"start":{"line":118,"column":4},"end":{"line":126,"column":5}},{"start":{},"end":{}}],"line":118},"11":{"loc":{"start":{"line":118,"column":8},"end":{"line":118,"column":42}},"type":"binary-expr","locations":[{"start":{"line":118,"column":8},"end":{"line":118,"column":18}},{"start":{"line":118,"column":22},"end":{"line":118,"column":42}}],"line":118},"12":{"loc":{"start":{"line":129,"column":4},"end":{"line":135,"column":5}},"type":"if","locations":[{"start":{"line":129,"column":4},"end":{"line":135,"column":5}},{"start":{},"end":{}}],"line":129},"13":{"loc":{"start":{"line":129,"column":8},"end":{"line":129,"column":43}},"type":"binary-expr","locations":[{"start":{"line":129,"column":8},"end":{"line":129,"column":18}},{"start":{"line":129,"column":22},"end":{"line":129,"column":43}}],"line":129},"14":{"loc":{"start":{"line":131,"column":16},"end":{"line":131,"column":74}},"type":"cond-expr","locations":[{"start":{"line":131,"column":39},"end":{"line":131,"column":52}},{"start":{"line":131,"column":55},"end":{"line":131,"column":74}}],"line":131},"15":{"loc":{"start":{"line":148,"column":4},"end":{"line":150,"column":5}},"type":"if","locations":[{"start":{"line":148,"column":4},"end":{"line":150,"column":5}},{"start":{},"end":{}}],"line":148},"16":{"loc":{"start":{"line":148,"column":8},"end":{"line":148,"column":40}},"type":"binary-expr","locations":[{"start":{"line":148,"column":8},"end":{"line":148,"column":20}},{"start":{"line":148,"column":24},"end":{"line":148,"column":40}}],"line":148},"17":{"loc":{"start":{"line":155,"column":8},"end":{"line":157,"column":9}},"type":"if","locations":[{"start":{"line":155,"column":8},"end":{"line":157,"column":9}},{"start":{},"end":{}}],"line":155},"18":{"loc":{"start":{"line":161,"column":8},"end":{"line":169,"column":9}},"type":"if","locations":[{"start":{"line":161,"column":8},"end":{"line":169,"column":9}},{"start":{},"end":{}}],"line":161},"19":{"loc":{"start":{"line":226,"column":4},"end":{"line":230,"column":5}},"type":"if","locations":[{"start":{"line":226,"column":4},"end":{"line":230,"column":5}},{"start":{},"end":{}}],"line":226},"20":{"loc":{"start":{"line":237,"column":22},"end":{"line":246,"column":12}},"type":"cond-expr","locations":[{"start":{"line":237,"column":35},"end":{"line":246,"column":5}},{"start":{"line":246,"column":8},"end":{"line":246,"column":12}}],"line":237},"21":{"loc":{"start":{"line":258,"column":17},"end":{"line":260,"column":16}},"type":"cond-expr","locations":[{"start":{"line":259,"column":12},"end":{"line":259,"column":92}},{"start":{"line":260,"column":12},"end":{"line":260,"column":16}}],"line":258},"22":{"loc":{"start":{"line":269,"column":4},"end":{"line":276,"column":5}},"type":"if","locations":[{"start":{"line":269,"column":4},"end":{"line":276,"column":5}},{"start":{},"end":{}}],"line":269},"23":{"loc":{"start":{"line":292,"column":4},"end":{"line":294,"column":5}},"type":"if","locations":[{"start":{"line":292,"column":4},"end":{"line":294,"column":5}},{"start":{},"end":{}}],"line":292},"24":{"loc":{"start":{"line":297,"column":26},"end":{"line":299,"column":12}},"type":"cond-expr","locations":[{"start":{"line":298,"column":8},"end":{"line":298,"column":80}},{"start":{"line":299,"column":8},"end":{"line":299,"column":12}}],"line":297},"25":{"loc":{"start":{"line":302,"column":13},"end":{"line":302,"column":37}},"type":"binary-expr","locations":[{"start":{"line":302,"column":13},"end":{"line":302,"column":20}},{"start":{"line":302,"column":24},"end":{"line":302,"column":37}}],"line":302},"26":{"loc":{"start":{"line":306,"column":14},"end":{"line":306,"column":87}},"type":"cond-expr","locations":[{"start":{"line":306,"column":25},"end":{"line":306,"column":38}},{"start":{"line":306,"column":41},"end":{"line":306,"column":87}}],"line":306},"27":{"loc":{"start":{"line":306,"column":41},"end":{"line":306,"column":87}},"type":"cond-expr","locations":[{"start":{"line":306,"column":58},"end":{"line":306,"column":77}},{"start":{"line":306,"column":80},"end":{"line":306,"column":87}}],"line":306},"28":{"loc":{"start":{"line":316,"column":11},"end":{"line":316,"column":53}},"type":"cond-expr","locations":[{"start":{"line":316,"column":28},"end":{"line":316,"column":49}},{"start":{"line":316,"column":52},"end":{"line":316,"column":53}}],"line":316},"29":{"loc":{"start":{"line":336,"column":33},"end":{"line":336,"column":53}},"type":"default-arg","locations":[{"start":{"line":336,"column":48},"end":{"line":336,"column":53}}],"line":336}},"s":{"0":5,"1":30,"2":30,"3":30,"4":30,"5":30,"6":30,"7":30,"8":157,"9":114,"10":114,"11":1,"12":113,"13":113,"14":113,"15":1,"16":112,"17":81,"18":81,"19":57,"20":5,"21":5,"22":5,"23":5,"24":106,"25":0,"26":106,"27":81,"28":81,"29":81,"30":81,"31":25,"32":0,"33":0,"34":0,"35":25,"36":25,"37":30,"38":0,"39":30,"40":30,"41":30,"42":0,"43":30,"44":30,"45":0,"46":0,"47":30,"48":30,"49":30,"50":30,"51":30,"52":30,"53":30,"54":0,"55":0,"56":0,"57":0,"58":0,"59":30,"60":5,"61":5,"62":5,"63":5,"64":5,"65":5,"66":5,"67":8,"68":6,"69":6,"70":6,"71":20,"72":20,"73":8,"74":0,"75":8,"76":8,"77":14,"78":0,"79":14,"80":14,"81":14,"82":30,"83":30,"84":33,"85":33,"86":33,"87":33,"88":5,"89":106,"90":5,"91":8,"92":20,"93":8,"94":14},"f":{"0":30,"1":157,"2":114,"3":81,"4":57,"5":5,"6":106,"7":30,"8":30,"9":0,"10":5,"11":8,"12":20,"13":8,"14":14,"15":30,"16":33,"17":106,"18":5,"19":8,"20":20,"21":8,"22":14},"b":{"0":[5,5],"1":[5,5],"2":[0],"3":[30,0],"4":[30,0],"5":[1,113],"6":[113,0],"7":[1,112],"8":[0],"9":[0,106],"10":[81,25],"11":[106,81],"12":[0,25],"13":[25,0],"14":[0,0],"15":[0,30],"16":[30,0],"17":[0,30],"18":[0,30],"19":[6,2],"20":[19,1],"21":[20,0],"22":[0,8],"23":[0,14],"24":[14,0],"25":[14,12],"26":[2,12],"27":[0,12],"28":[30,0],"29":[106]},"inputSourceMap":null,"_coverageSchema":"1a1c01bbd47fc00a2c39e90264f33305004495a9","hash":"b3c984da44dda288921e0570eac16ad6a2c50f2e"}
,"/Users/eupirate/Desktop/Cloud/my_site_3_bot_maya_repo/Maya/backend/utils/memory_cache/kb-monitor.js": {"path":"/Users/eupirate/Desktop/Cloud/my_site_3_bot_maya_repo/Maya/backend/utils/memory_cache/kb-monitor.js","statementMap":{"0":{"start":{"line":16,"column":19},"end":{"line":16,"column":49}},"1":{"start":{"line":17,"column":18},"end":{"line":17,"column":37}},"2":{"start":{"line":18,"column":16},"end":{"line":18,"column":50}},"3":{"start":{"line":23,"column":14},"end":{"line":32,"column":1}},"4":{"start":{"line":38,"column":14},"end":{"line":38,"column":24}},"5":{"start":{"line":40,"column":2},"end":{"line":42,"column":3}},"6":{"start":{"line":41,"column":4},"end":{"line":41,"column":32}},"7":{"start":{"line":44,"column":2},"end":{"line":44,"column":29}},"8":{"start":{"line":45,"column":2},"end":{"line":45,"column":22}},"9":{"start":{"line":46,"column":2},"end":{"line":46,"column":40}},"10":{"start":{"line":47,"column":2},"end":{"line":47,"column":60}},"11":{"start":{"line":49,"column":2},"end":{"line":55,"column":5}},"12":{"start":{"line":62,"column":14},"end":{"line":62,"column":24}},"13":{"start":{"line":64,"column":2},"end":{"line":64,"column":32}},"14":{"start":{"line":65,"column":2},"end":{"line":65,"column":25}},"15":{"start":{"line":66,"column":2},"end":{"line":66,"column":40}},"16":{"start":{"line":67,"column":2},"end":{"line":67,"column":60}},"17":{"start":{"line":69,"column":2},"end":{"line":75,"column":5}},"18":{"start":{"line":82,"column":2},"end":{"line":93,"column":4}},"19":{"start":{"line":101,"column":2},"end":{"line":159,"column":3}},"20":{"start":{"line":102,"column":27},"end":{"line":102,"column":66}},"21":{"start":{"line":104,"column":4},"end":{"line":106,"column":5}},"22":{"start":{"line":105,"column":6},"end":{"line":105,"column":74}},"23":{"start":{"line":109,"column":30},"end":{"line":112,"column":5}},"24":{"start":{"line":113,"column":29},"end":{"line":113,"column":58}},"25":{"start":{"line":114,"column":29},"end":{"line":114,"column":56}},"26":{"start":{"line":116,"column":20},"end":{"line":116,"column":22}},"27":{"start":{"line":117,"column":24},"end":{"line":117,"column":28}},"28":{"start":{"line":120,"column":25},"end":{"line":144,"column":6}},"29":{"start":{"line":121,"column":22},"end":{"line":121,"column":43}},"30":{"start":{"line":122,"column":6},"end":{"line":142,"column":7}},"31":{"start":{"line":123,"column":8},"end":{"line":141,"column":9}},"32":{"start":{"line":124,"column":24},"end":{"line":124,"column":46}},"33":{"start":{"line":125,"column":26},"end":{"line":125,"column":37}},"34":{"start":{"line":127,"column":10},"end":{"line":129,"column":11}},"35":{"start":{"line":128,"column":12},"end":{"line":128,"column":36}},"36":{"start":{"line":132,"column":10},"end":{"line":138,"column":11}},"37":{"start":{"line":133,"column":12},"end":{"line":137,"column":14}},"38":{"start":{"line":140,"column":10},"end":{"line":140,"column":68}},"39":{"start":{"line":143,"column":6},"end":{"line":143,"column":18}},"40":{"start":{"line":147,"column":24},"end":{"line":147,"column":55}},"41":{"start":{"line":148,"column":4},"end":{"line":148,"column":67}},"42":{"start":{"line":148,"column":49},"end":{"line":148,"column":64}},"43":{"start":{"line":150,"column":4},"end":{"line":155,"column":6}},"44":{"start":{"line":157,"column":4},"end":{"line":157,"column":50}},"45":{"start":{"line":158,"column":4},"end":{"line":158,"column":55}},"46":{"start":{"line":166,"column":16},"end":{"line":166,"column":28}},"47":{"start":{"line":167,"column":18},"end":{"line":167,"column":40}},"48":{"start":{"line":169,"column":2},"end":{"line":173,"column":4}},"49":{"start":{"line":180,"column":26},"end":{"line":180,"column":28}},"50":{"start":{"line":183,"column":2},"end":{"line":190,"column":3}},"51":{"start":{"line":184,"column":4},"end":{"line":189,"column":7}},"52":{"start":{"line":193,"column":2},"end":{"line":200,"column":3}},"53":{"start":{"line":194,"column":4},"end":{"line":199,"column":7}},"54":{"start":{"line":203,"column":2},"end":{"line":210,"column":3}},"55":{"start":{"line":204,"column":4},"end":{"line":209,"column":7}},"56":{"start":{"line":212,"column":2},"end":{"line":212,"column":25}},"57":{"start":{"line":219,"column":2},"end":{"line":228,"column":4}},"58":{"start":{"line":229,"column":2},"end":{"line":229,"column":33}}},"fnMap":{"0":{"name":"trackKBLoad","decl":{"start":{"line":37,"column":16},"end":{"line":37,"column":27}},"loc":{"start":{"line":37,"column":52},"end":{"line":56,"column":1}},"line":37},"1":{"name":"trackKBRefresh","decl":{"start":{"line":61,"column":16},"end":{"line":61,"column":30}},"loc":{"start":{"line":61,"column":55},"end":{"line":76,"column":1}},"line":61},"2":{"name":"getKBStats","decl":{"start":{"line":81,"column":16},"end":{"line":81,"column":26}},"loc":{"start":{"line":81,"column":29},"end":{"line":94,"column":1}},"line":81},"3":{"name":"checkKBUpdates","decl":{"start":{"line":100,"column":22},"end":{"line":100,"column":36}},"loc":{"start":{"line":100,"column":39},"end":{"line":160,"column":1}},"line":100},"4":{"name":"(anonymous_4)","decl":{"start":{"line":120,"column":46},"end":{"line":120,"column":47}},"loc":{"start":{"line":120,"column":64},"end":{"line":144,"column":5}},"line":120},"5":{"name":"(anonymous_5)","decl":{"start":{"line":148,"column":39},"end":{"line":148,"column":40}},"loc":{"start":{"line":148,"column":49},"end":{"line":148,"column":64}},"line":148},"6":{"name":"getKBStatusReport","decl":{"start":{"line":165,"column":22},"end":{"line":165,"column":39}},"loc":{"start":{"line":165,"column":42},"end":{"line":174,"column":1}},"line":165},"7":{"name":"generateRecommendations","decl":{"start":{"line":179,"column":9},"end":{"line":179,"column":32}},"loc":{"start":{"line":179,"column":49},"end":{"line":213,"column":1}},"line":179},"8":{"name":"resetKBStats","decl":{"start":{"line":218,"column":16},"end":{"line":218,"column":28}},"loc":{"start":{"line":218,"column":31},"end":{"line":230,"column":1}},"line":218}},"branchMap":{"0":{"loc":{"start":{"line":40,"column":2},"end":{"line":42,"column":3}},"type":"if","locations":[{"start":{"line":40,"column":2},"end":{"line":42,"column":3}},{"start":{},"end":{}}],"line":40},"1":{"loc":{"start":{"line":47,"column":31},"end":{"line":47,"column":59}},"type":"cond-expr","locations":[{"start":{"line":47,"column":41},"end":{"line":47,"column":55}},{"start":{"line":47,"column":58},"end":{"line":47,"column":59}}],"line":47},"2":{"loc":{"start":{"line":53,"column":24},"end":{"line":54,"column":68}},"type":"cond-expr","locations":[{"start":{"line":54,"column":6},"end":{"line":54,"column":60}},{"start":{"line":54,"column":63},"end":{"line":54,"column":68}}],"line":53},"3":{"loc":{"start":{"line":67,"column":31},"end":{"line":67,"column":59}},"type":"cond-expr","locations":[{"start":{"line":67,"column":41},"end":{"line":67,"column":55}},{"start":{"line":67,"column":58},"end":{"line":67,"column":59}}],"line":67},"4":{"loc":{"start":{"line":73,"column":23},"end":{"line":74,"column":67}},"type":"cond-expr","locations":[{"start":{"line":74,"column":6},"end":{"line":74,"column":59}},{"start":{"line":74,"column":62},"end":{"line":74,"column":67}}],"line":73},"5":{"loc":{"start":{"line":85,"column":23},"end":{"line":86,"column":77}},"type":"cond-expr","locations":[{"start":{"line":86,"column":6},"end":{"line":86,"column":70}},{"start":{"line":86,"column":73},"end":{"line":86,"column":77}}],"line":85},"6":{"loc":{"start":{"line":88,"column":26},"end":{"line":89,"column":80}},"type":"cond-expr","locations":[{"start":{"line":89,"column":6},"end":{"line":89,"column":73}},{"start":{"line":89,"column":76},"end":{"line":89,"column":80}}],"line":88},"7":{"loc":{"start":{"line":91,"column":12},"end":{"line":92,"column":78}},"type":"cond-expr","locations":[{"start":{"line":92,"column":6},"end":{"line":92,"column":71}},{"start":{"line":92,"column":74},"end":{"line":92,"column":78}}],"line":91},"8":{"loc":{"start":{"line":104,"column":4},"end":{"line":106,"column":5}},"type":"if","locations":[{"start":{"line":104,"column":4},"end":{"line":106,"column":5}},{"start":{},"end":{}}],"line":104},"9":{"loc":{"start":{"line":114,"column":29},"end":{"line":114,"column":56}},"type":"binary-expr","locations":[{"start":{"line":114,"column":29},"end":{"line":114,"column":50}},{"start":{"line":114,"column":54},"end":{"line":114,"column":56}}],"line":114},"10":{"loc":{"start":{"line":122,"column":6},"end":{"line":142,"column":7}},"type":"if","locations":[{"start":{"line":122,"column":6},"end":{"line":142,"column":7}},{"start":{},"end":{}}],"line":122},"11":{"loc":{"start":{"line":127,"column":10},"end":{"line":129,"column":11}},"type":"if","locations":[{"start":{"line":127,"column":10},"end":{"line":129,"column":11}},{"start":{},"end":{}}],"line":127},"12":{"loc":{"start":{"line":127,"column":14},"end":{"line":127,"column":55}},"type":"binary-expr","locations":[{"start":{"line":127,"column":14},"end":{"line":127,"column":28}},{"start":{"line":127,"column":32},"end":{"line":127,"column":55}}],"line":127},"13":{"loc":{"start":{"line":132,"column":10},"end":{"line":138,"column":11}},"type":"if","locations":[{"start":{"line":132,"column":10},"end":{"line":138,"column":11}},{"start":{},"end":{}}],"line":132},"14":{"loc":{"start":{"line":132,"column":14},"end":{"line":132,"column":68}},"type":"binary-expr","locations":[{"start":{"line":132,"column":14},"end":{"line":132,"column":34}},{"start":{"line":132,"column":38},"end":{"line":132,"column":68}}],"line":132},"15":{"loc":{"start":{"line":152,"column":26},"end":{"line":152,"column":76}},"type":"cond-expr","locations":[{"start":{"line":152,"column":42},"end":{"line":152,"column":69}},{"start":{"line":152,"column":72},"end":{"line":152,"column":76}}],"line":152},"16":{"loc":{"start":{"line":183,"column":2},"end":{"line":190,"column":3}},"type":"if","locations":[{"start":{"line":183,"column":2},"end":{"line":190,"column":3}},{"start":{},"end":{}}],"line":183},"17":{"loc":{"start":{"line":193,"column":2},"end":{"line":200,"column":3}},"type":"if","locations":[{"start":{"line":193,"column":2},"end":{"line":200,"column":3}},{"start":{},"end":{}}],"line":193},"18":{"loc":{"start":{"line":193,"column":6},"end":{"line":193,"column":69}},"type":"binary-expr","locations":[{"start":{"line":193,"column":6},"end":{"line":193,"column":32}},{"start":{"line":193,"column":36},"end":{"line":193,"column":69}}],"line":193},"19":{"loc":{"start":{"line":203,"column":2},"end":{"line":210,"column":3}},"type":"if","locations":[{"start":{"line":203,"column":2},"end":{"line":210,"column":3}},{"start":{},"end":{}}],"line":203}},"s":{"0":2,"1":2,"2":2,"3":2,"4":0,"5":0,"6":0,"7":0,"8":0,"9":0,"10":0,"11":0,"12":0,"13":0,"14":0,"15":0,"16":0,"17":0,"18":1,"19":0,"20":0,"21":0,"22":0,"23":0,"24":0,"25":0,"26":0,"27":0,"28":0,"29":0,"30":0,"31":0,"32":0,"33":0,"34":0,"35":0,"36":0,"37":0,"38":0,"39":0,"40":0,"41":0,"42":0,"43":0,"44":0,"45":0,"46":0,"47":0,"48":0,"49":0,"50":0,"51":0,"52":0,"53":0,"54":0,"55":0,"56":0,"57":0,"58":0},"f":{"0":0,"1":0,"2":1,"3":0,"4":0,"5":0,"6":0,"7":0,"8":0},"b":{"0":[0,0],"1":[0,0],"2":[0,0],"3":[0,0],"4":[0,0],"5":[0,1],"6":[0,1],"7":[0,1],"8":[0,0],"9":[0,0],"10":[0,0],"11":[0,0],"12":[0,0],"13":[0,0],"14":[0,0],"15":[0,0],"16":[0,0],"17":[0,0],"18":[0,0],"19":[0,0]},"inputSourceMap":null,"_coverageSchema":"1a1c01bbd47fc00a2c39e90264f33305004495a9","hash":"4ae47d1d197dd3e0dd6612e197c66a3922c566da"}
}
